2026-04-05 19:01:07,671 INFO o.a.j.u.JMeterUtils: Setting Locale to en_EN
2026-04-05 19:01:07,687 INFO o.a.j.JMeter: Loading user properties from: /home/abdelrahman/apache-jmeter-5.6.3/bin/user.properties
2026-04-05 19:01:07,687 INFO o.a.j.JMeter: Loading system properties from: /home/abdelrahman/apache-jmeter-5.6.3/bin/system.properties
2026-04-05 19:01:07,688 INFO o.a.j.JMeter: Setting System property: jmeter.save.saveservice.output_format=csv
2026-04-05 19:01:07,688 INFO o.a.j.JMeter: Setting System property: summariser.interval=10
2026-04-05 19:01:07,692 INFO o.a.j.JMeter: Copyright (c) 1998-2024 The Apache Software Foundation
2026-04-05 19:01:07,692 INFO o.a.j.JMeter: Version 5.6.3
2026-04-05 19:01:07,692 INFO o.a.j.JMeter: java.version=21.0.10
2026-04-05 19:01:07,692 INFO o.a.j.JMeter: java.vm.name=OpenJDK 64-Bit Server VM
2026-04-05 19:01:07,692 INFO o.a.j.JMeter: os.name=Linux
2026-04-05 19:01:07,692 INFO o.a.j.JMeter: os.arch=amd64
2026-04-05 19:01:07,692 INFO o.a.j.JMeter: os.version=6.17.0-20-generic
2026-04-05 19:01:07,692 INFO o.a.j.JMeter: file.encoding=UTF-8
2026-04-05 19:01:07,692 INFO o.a.j.JMeter: java.awt.headless=true
2026-04-05 19:01:07,692 INFO o.a.j.JMeter: Max memory     =1073741824
2026-04-05 19:01:07,692 INFO o.a.j.JMeter: Available Processors =20
2026-04-05 19:01:07,699 INFO o.a.j.JMeter: Default Locale=English (EN)
2026-04-05 19:01:07,700 INFO o.a.j.JMeter: JMeter  Locale=English (EN)
2026-04-05 19:01:07,700 INFO o.a.j.JMeter: JMeterHome=/home/abdelrahman/apache-jmeter-5.6.3
2026-04-05 19:01:07,700 INFO o.a.j.JMeter: user.dir  =/home/abdelrahman/Dev/Projects/spring-boot-microservices/jmeter
2026-04-05 19:01:07,700 INFO o.a.j.JMeter: PWD       =/home/abdelrahman/Dev/Projects/spring-boot-microservices/jmeter
2026-04-05 19:01:07,700 INFO o.a.j.JMeter: IP: 127.0.1.1 Name: abdelrahman FullName: abdelrahman
2026-04-05 19:01:07,709 INFO o.a.j.JMeter: Setting property 'jmeter.reportgenerator.outputdir' to:'/home/abdelrahman/Dev/Projects/spring-boot-microservices/jmeter/results/verification_report'
2026-04-05 19:01:07,711 INFO o.a.j.s.FileServer: Default base='/home/abdelrahman/Dev/Projects/spring-boot-microservices/jmeter'
2026-04-05 19:01:07,712 INFO o.a.j.s.FileServer: Set new base='/home/abdelrahman/Dev/Projects/spring-boot-microservices/jmeter'
2026-04-05 19:01:07,822 INFO o.a.j.s.SaveService: Testplan (JMX) version: 2.2. Testlog (JTL) version: 2.2
2026-04-05 19:01:07,838 INFO o.a.j.s.SaveService: Using SaveService properties version 5.0
2026-04-05 19:01:07,840 INFO o.a.j.s.SaveService: Using SaveService properties file encoding UTF-8
2026-04-05 19:01:07,842 INFO o.a.j.s.SaveService: Loading file: verification_test.jmx
2026-04-05 19:01:07,878 INFO o.a.j.p.h.s.HTTPSamplerBase: Parser for text/html is org.apache.jmeter.protocol.http.parser.LagartoBasedHtmlParser
2026-04-05 19:01:07,878 INFO o.a.j.p.h.s.HTTPSamplerBase: Parser for application/xhtml+xml is org.apache.jmeter.protocol.http.parser.LagartoBasedHtmlParser
2026-04-05 19:01:07,878 INFO o.a.j.p.h.s.HTTPSamplerBase: Parser for application/xml is org.apache.jmeter.protocol.http.parser.LagartoBasedHtmlParser
2026-04-05 19:01:07,878 INFO o.a.j.p.h.s.HTTPSamplerBase: Parser for text/xml is org.apache.jmeter.protocol.http.parser.LagartoBasedHtmlParser
2026-04-05 19:01:07,878 INFO o.a.j.p.h.s.HTTPSamplerBase: Parser for text/vnd.wap.wml is org.apache.jmeter.protocol.http.parser.RegexpHTMLParser
2026-04-05 19:01:07,878 INFO o.a.j.p.h.s.HTTPSamplerBase: Parser for text/css is org.apache.jmeter.protocol.http.parser.CssParser
2026-04-05 19:01:07,895 INFO o.a.j.JMeter: Creating summariser <summary>
2026-04-05 19:01:07,897 INFO o.a.j.r.d.ReportGenerator: ReportGenerator will use for Parsing the separator: ','
2026-04-05 19:01:07,897 INFO o.a.j.r.d.ReportGenerator: Will generate report at end of test from  results file: results/verification_results.jtl
2026-04-05 19:01:07,897 INFO o.a.j.r.d.ReportGenerator: Reading report generator properties from: /home/abdelrahman/apache-jmeter-5.6.3/bin/reportgenerator.properties
2026-04-05 19:01:07,898 INFO o.a.j.r.d.ReportGenerator: Merging with JMeter properties
2026-04-05 19:01:07,900 INFO o.a.j.r.c.ReportGeneratorConfiguration: Property 'jmeter.reportgenerator.temp_dir' not found, using default value 'temp' instead.
2026-04-05 19:01:07,901 INFO o.a.j.r.c.ReportGeneratorConfiguration: Property 'jmeter.reportgenerator.apdex_per_transaction' not found, using default value 'null' instead.
2026-04-05 19:01:07,901 INFO o.a.j.r.c.ReportGeneratorConfiguration: apdex_per_transaction is empty, not APDEX per transaction customization
2026-04-05 19:01:07,901 INFO o.a.j.r.c.ReportGeneratorConfiguration: Property 'jmeter.reportgenerator.sample_filter' not found, using default value 'null' instead.
2026-04-05 19:01:07,902 INFO o.a.j.r.c.ReportGeneratorConfiguration: Property 'jmeter.reportgenerator.report_title' not found, using default value 'null' instead.
2026-04-05 19:01:07,902 INFO o.a.j.r.c.ReportGeneratorConfiguration: Property 'jmeter.reportgenerator.start_date' not found, using default value 'null' instead.
2026-04-05 19:01:07,902 INFO o.a.j.r.c.ReportGeneratorConfiguration: Property 'jmeter.reportgenerator.end_date' not found, using default value 'null' instead.
2026-04-05 19:01:07,902 INFO o.a.j.r.c.ReportGeneratorConfiguration: Property 'jmeter.reportgenerator.date_format' not found, using default value 'null' instead.
2026-04-05 19:01:07,902 INFO o.a.j.r.c.ReportGeneratorConfiguration: Will use date range start date: null, end date: null
2026-04-05 19:01:07,905 INFO o.a.j.r.c.ReportGeneratorConfiguration: Property 'jmeter.reportgenerator.graph.totalTPS.exclude_controllers' not found, using default value 'false' instead.
2026-04-05 19:01:07,905 INFO o.a.j.r.c.ReportGeneratorConfiguration: Property 'jmeter.reportgenerator.graph.activeThreadsOverTime.exclude_controllers' not found, using default value 'false' instead.
2026-04-05 19:01:07,905 INFO o.a.j.r.c.ReportGeneratorConfiguration: Property 'jmeter.reportgenerator.graph.timeVsThreads.exclude_controllers' not found, using default value 'false' instead.
2026-04-05 19:01:07,905 INFO o.a.j.r.c.ReportGeneratorConfiguration: Property 'jmeter.reportgenerator.graph.responseTimeDistribution.exclude_controllers' not found, using default value 'false' instead.
2026-04-05 19:01:07,905 INFO o.a.j.r.c.ReportGeneratorConfiguration: Property 'jmeter.reportgenerator.graph.transactionsPerSecond.exclude_controllers' not found, using default value 'false' instead.
2026-04-05 19:01:07,905 INFO o.a.j.r.c.ReportGeneratorConfiguration: Property 'jmeter.reportgenerator.graph.responseTimePercentiles.exclude_controllers' not found, using default value 'false' instead.
2026-04-05 19:01:07,905 INFO o.a.j.r.c.ReportGeneratorConfiguration: Property 'jmeter.reportgenerator.graph.responseTimePercentilesOverTime.exclude_controllers' not found, using default value 'false' instead.
2026-04-05 19:01:07,905 INFO o.a.j.r.c.ReportGeneratorConfiguration: Property 'jmeter.reportgenerator.graph.responseTimesOverTime.exclude_controllers' not found, using default value 'false' instead.
2026-04-05 19:01:07,905 INFO o.a.j.r.c.ReportGeneratorConfiguration: Property 'jmeter.reportgenerator.graph.connectTimeOverTime.exclude_controllers' not found, using default value 'false' instead.
2026-04-05 19:01:07,905 INFO o.a.j.r.c.ReportGeneratorConfiguration: Property 'jmeter.reportgenerator.graph.latenciesOverTime.exclude_controllers' not found, using default value 'false' instead.
2026-04-05 19:01:07,906 INFO o.a.j.r.c.ReportGeneratorConfiguration: Property 'jmeter.reportgenerator.exporter.json.filters_only_sample_series' not found, using default value 'true' instead.
2026-04-05 19:01:07,906 INFO o.a.j.r.c.ReportGeneratorConfiguration: Property 'jmeter.reportgenerator.exporter.json.series_filter' not found, using default value '' instead.
2026-04-05 19:01:07,906 INFO o.a.j.r.c.ReportGeneratorConfiguration: Property 'jmeter.reportgenerator.exporter.json.show_controllers_only' not found, using default value 'false' instead.
2026-04-05 19:01:07,906 INFO o.a.j.r.c.ReportGeneratorConfiguration: Property 'jmeter.reportgenerator.exporter.html.filters_only_sample_series' not found, using default value 'true' instead.
2026-04-05 19:01:07,906 INFO o.a.j.r.c.ReportGeneratorConfiguration: Property 'jmeter.reportgenerator.exporter.html.series_filter' not found, using default value '' instead.
2026-04-05 19:01:07,906 INFO o.a.j.r.c.ReportGeneratorConfiguration: Property 'jmeter.reportgenerator.exporter.html.show_controllers_only' not found, using default value 'false' instead.
2026-04-05 19:01:07,914 INFO o.a.j.e.StandardJMeterEngine: Running the test!
2026-04-05 19:01:07,915 INFO o.a.j.s.SampleEvent: List of sample_variables: []
2026-04-05 19:01:07,915 INFO o.a.j.s.SampleEvent: List of sample_variables: []
2026-04-05 19:01:07,919 INFO o.a.j.e.u.CompoundVariable: Note: Function class names must contain the string: '.functions.'
2026-04-05 19:01:07,919 INFO o.a.j.e.u.CompoundVariable: Note: Function class names must not contain the string: '.gui.'
2026-04-05 19:01:07,970 INFO o.a.j.JMeter: Running test (1775408467970)
2026-04-05 19:01:07,985 INFO o.a.j.e.StandardJMeterEngine: Starting ThreadGroup: 1 : 200 Users — Verification (10K)
2026-04-05 19:01:07,986 INFO o.a.j.e.StandardJMeterEngine: Starting 200 threads for group 200 Users — Verification (10K).
2026-04-05 19:01:07,986 INFO o.a.j.e.StandardJMeterEngine: Thread will continue on error
2026-04-05 19:01:07,986 INFO o.a.j.t.ThreadGroup: Starting thread group... number=1 threads=200 ramp-up=60 delayedStart=false
2026-04-05 19:01:08,044 INFO o.a.j.t.ThreadGroup: Started thread group number 1
2026-04-05 19:01:08,044 INFO o.a.j.e.StandardJMeterEngine: All thread groups have been started
2026-04-05 19:01:08,117 INFO o.a.j.t.JMeterThread: Thread started: 200 Users — Verification (10K) 1-1
2026-04-05 19:01:08,121 INFO o.a.j.s.FileServer: Stored: movie_ids.csv
2026-04-05 19:01:08,142 INFO o.a.j.p.h.s.HTTPHCAbstractImpl: Local host = abdelrahman
2026-04-05 19:01:08,146 INFO o.a.j.p.h.s.HTTPHC4Impl: HTTP request retry count = 0
2026-04-05 19:01:08,147 INFO o.a.j.s.SampleResult: Note: Sample TimeStamps are START times
2026-04-05 19:01:08,148 INFO o.a.j.s.SampleResult: sampleresult.default.encoding is set to UTF-8
2026-04-05 19:01:08,148 INFO o.a.j.s.SampleResult: sampleresult.useNanoTime=true
2026-04-05 19:01:08,148 INFO o.a.j.s.SampleResult: sampleresult.nanoThreadSleep=5000
2026-04-05 19:01:08,417 INFO o.a.j.t.JMeterThread: Thread started: 200 Users — Verification (10K) 1-2
2026-04-05 19:01:08,719 INFO o.a.j.t.JMeterThread: Thread started: 200 Users — Verification (10K) 1-3
2026-04-05 19:01:09,015 INFO o.a.j.t.JMeterThread: Thread started: 200 Users — Verification (10K) 1-4
2026-04-05 19:01:09,316 INFO o.a.j.t.JMeterThread: Thread started: 200 Users — Verification (10K) 1-5
2026-04-05 19:01:09,619 INFO o.a.j.t.JMeterThread: Thread started: 200 Users — Verification (10K) 1-6
2026-04-05 19:01:09,914 INFO o.a.j.t.JMeterThread: Thread started: 200 Users — Verification (10K) 1-7
2026-04-05 19:01:10,055 INFO o.a.j.r.Summariser: summary +     39 in 00:00:02 =   18.7/s Avg:   154 Min:     3 Max:   443 Err:     0 (0.00%) Active: 7 Started: 7 Finished: 0
2026-04-05 19:01:10,219 INFO o.a.j.t.JMeterThread: Thread started: 200 Users — Verification (10K) 1-8
2026-04-05 19:01:10,514 INFO o.a.j.t.JMeterThread: Thread started: 200 Users — Verification (10K) 1-9
2026-04-05 19:01:10,818 INFO o.a.j.t.JMeterThread: Thread started: 200 Users — Verification (10K) 1-10
2026-04-05 19:01:11,117 INFO o.a.j.t.JMeterThread: Thread started: 200 Users — Verification (10K) 1-11
2026-04-05 19:01:11,414 INFO o.a.j.t.JMeterThread: Thread started: 200 Users — Verification (10K) 1-12
2026-04-05 19:01:11,711 INFO o.a.j.t.JMeterThread: Thread started: 200 Users — Verification (10K) 1-13
2026-04-05 19:01:12,009 INFO o.a.j.t.JMeterThread: Thread started: 200 Users — Verification (10K) 1-14
2026-04-05 19:01:12,309 INFO o.a.j.t.JMeterThread: Thread started: 200 Users — Verification (10K) 1-15
2026-04-05 19:01:12,458 INFO o.a.j.t.JMeterThread: Thread is done: 200 Users — Verification (10K) 1-11
2026-04-05 19:01:12,458 INFO o.a.j.t.JMeterThread: Thread finished: 200 Users — Verification (10K) 1-11
2026-04-05 19:01:12,546 INFO o.a.j.t.JMeterThread: Thread is done: 200 Users — Verification (10K) 1-5
2026-04-05 19:01:12,547 INFO o.a.j.t.JMeterThread: Thread finished: 200 Users — Verification (10K) 1-5
2026-04-05 19:01:12,610 INFO o.a.j.t.JMeterThread: Thread started: 200 Users — Verification (10K) 1-16
2026-04-05 19:01:12,914 INFO o.a.j.t.JMeterThread: Thread started: 200 Users — Verification (10K) 1-17
2026-04-05 19:01:13,208 INFO o.a.j.t.JMeterThread: Thread started: 200 Users — Verification (10K) 1-18
2026-04-05 19:01:13,248 INFO o.a.j.t.JMeterThread: Thread is done: 200 Users — Verification (10K) 1-3
2026-04-05 19:01:13,248 INFO o.a.j.t.JMeterThread: Thread finished: 200 Users — Verification (10K) 1-3
2026-04-05 19:01:13,354 INFO o.a.j.t.JMeterThread: Thread is done: 200 Users — Verification (10K) 1-4
2026-04-05 19:01:13,354 INFO o.a.j.t.JMeterThread: Thread finished: 200 Users — Verification (10K) 1-4
2026-04-05 19:01:13,446 INFO o.a.j.t.JMeterThread: Thread is done: 200 Users — Verification (10K) 1-10
2026-04-05 19:01:13,446 INFO o.a.j.t.JMeterThread: Thread finished: 200 Users — Verification (10K) 1-10
2026-04-05 19:01:13,449 INFO o.a.j.t.JMeterThread: Thread is done: 200 Users — Verification (10K) 1-9
2026-04-05 19:01:13,450 INFO o.a.j.t.JMeterThread: Thread finished: 200 Users — Verification (10K) 1-9
2026-04-05 19:01:13,452 INFO o.a.j.t.JMeterThread: Thread is done: 200 Users — Verification (10K) 1-1
2026-04-05 19:01:13,452 INFO o.a.j.t.JMeterThread: Thread finished: 200 Users — Verification (10K) 1-1
2026-04-05 19:01:13,455 INFO o.a.j.t.JMeterThread: Thread is done: 200 Users — Verification (10K) 1-14
2026-04-05 19:01:13,456 INFO o.a.j.t.JMeterThread: Thread finished: 200 Users — Verification (10K) 1-14
2026-04-05 19:01:13,462 INFO o.a.j.t.JMeterThread: Thread is done: 200 Users — Verification (10K) 1-8
2026-04-05 19:01:13,462 INFO o.a.j.t.JMeterThread: Thread finished: 200 Users — Verification (10K) 1-8
2026-04-05 19:01:13,507 INFO o.a.j.t.JMeterThread: Thread started: 200 Users — Verification (10K) 1-19
2026-04-05 19:01:13,554 INFO o.a.j.t.JMeterThread: Thread is done: 200 Users — Verification (10K) 1-2
2026-04-05 19:01:13,554 INFO o.a.j.t.JMeterThread: Thread finished: 200 Users — Verification (10K) 1-2
2026-04-05 19:01:13,557 INFO o.a.j.t.JMeterThread: Thread is done: 200 Users — Verification (10K) 1-6
2026-04-05 19:01:13,557 INFO o.a.j.t.JMeterThread: Thread finished: 200 Users — Verification (10K) 1-6
2026-04-05 19:01:13,649 INFO o.a.j.t.JMeterThread: Thread is done: 200 Users — Verification (10K) 1-7
2026-04-05 19:01:13,650 INFO o.a.j.t.JMeterThread: Thread finished: 200 Users — Verification (10K) 1-7
2026-04-05 19:01:13,650 INFO o.a.j.t.JMeterThread: Thread is done: 200 Users — Verification (10K) 1-12
2026-04-05 19:01:13,650 INFO o.a.j.t.JMeterThread: Thread finished: 200 Users — Verification (10K) 1-12
2026-04-05 19:01:13,665 INFO o.a.j.t.JMeterThread: Thread is done: 200 Users — Verification (10K) 1-15
2026-04-05 19:01:13,666 INFO o.a.j.t.JMeterThread: Thread finished: 200 Users — Verification (10K) 1-15
2026-04-05 19:01:13,745 INFO o.a.j.t.JMeterThread: Thread is done: 200 Users — Verification (10K) 1-13
2026-04-05 19:01:13,746 INFO o.a.j.t.JMeterThread: Thread finished: 200 Users — Verification (10K) 1-13
2026-04-05 19:01:13,779 INFO o.a.j.t.JMeterThread: Thread is done: 200 Users — Verification (10K) 1-16
2026-04-05 19:01:13,779 INFO o.a.j.t.JMeterThread: Thread finished: 200 Users — Verification (10K) 1-16
2026-04-05 19:01:13,807 INFO o.a.j.t.JMeterThread: Thread started: 200 Users — Verification (10K) 1-20
2026-04-05 19:01:13,868 INFO o.a.j.t.JMeterThread: Thread is done: 200 Users — Verification (10K) 1-17
2026-04-05 19:01:13,868 INFO o.a.j.t.JMeterThread: Thread finished: 200 Users — Verification (10K) 1-17
2026-04-05 19:01:13,879 INFO o.a.j.t.JMeterThread: Thread is done: 200 Users — Verification (10K) 1-18
2026-04-05 19:01:13,879 INFO o.a.j.t.JMeterThread: Thread finished: 200 Users — Verification (10K) 1-18
2026-04-05 19:01:13,968 INFO o.a.j.t.JMeterThread: Thread is done: 200 Users — Verification (10K) 1-19
2026-04-05 19:01:13,968 INFO o.a.j.t.JMeterThread: Thread finished: 200 Users — Verification (10K) 1-19
2026-04-05 19:01:14,054 INFO o.a.j.t.JMeterThread: Thread is done: 200 Users — Verification (10K) 1-20
2026-04-05 19:01:14,054 INFO o.a.j.t.JMeterThread: Thread finished: 200 Users — Verification (10K) 1-20
2026-04-05 19:01:14,109 INFO o.a.j.t.JMeterThread: Thread started: 200 Users — Verification (10K) 1-21
2026-04-05 19:01:14,257 INFO o.a.j.t.JMeterThread: Thread is done: 200 Users — Verification (10K) 1-21
2026-04-05 19:01:14,257 INFO o.a.j.t.JMeterThread: Thread finished: 200 Users — Verification (10K) 1-21
2026-04-05 19:01:14,407 INFO o.a.j.t.JMeterThread: Thread started: 200 Users — Verification (10K) 1-22
2026-04-05 19:01:14,475 INFO o.a.j.t.JMeterThread: Thread is done: 200 Users — Verification (10K) 1-22
2026-04-05 19:01:14,475 INFO o.a.j.t.JMeterThread: Thread finished: 200 Users — Verification (10K) 1-22
2026-04-05 19:01:14,712 INFO o.a.j.t.JMeterThread: Thread started: 200 Users — Verification (10K) 1-23
2026-04-05 19:01:14,773 INFO o.a.j.t.JMeterThread: Thread is done: 200 Users — Verification (10K) 1-23
2026-04-05 19:01:14,773 INFO o.a.j.t.JMeterThread: Thread finished: 200 Users — Verification (10K) 1-23
2026-04-05 19:01:15,012 INFO o.a.j.t.JMeterThread: Thread started: 200 Users — Verification (10K) 1-24
2026-04-05 19:01:15,076 INFO o.a.j.t.JMeterThread: Thread is done: 200 Users — Verification (10K) 1-24
2026-04-05 19:01:15,076 INFO o.a.j.t.JMeterThread: Thread finished: 200 Users — Verification (10K) 1-24
2026-04-05 19:01:15,312 INFO o.a.j.t.JMeterThread: Thread started: 200 Users — Verification (10K) 1-25
2026-04-05 19:01:15,376 INFO o.a.j.t.JMeterThread: Thread is done: 200 Users — Verification (10K) 1-25
2026-04-05 19:01:15,376 INFO o.a.j.t.JMeterThread: Thread finished: 200 Users — Verification (10K) 1-25
2026-04-05 19:01:15,607 INFO o.a.j.t.JMeterThread: Thread started: 200 Users — Verification (10K) 1-26
2026-04-05 19:01:15,662 INFO o.a.j.t.JMeterThread: Thread is done: 200 Users — Verification (10K) 1-26
2026-04-05 19:01:15,662 INFO o.a.j.t.JMeterThread: Thread finished: 200 Users — Verification (10K) 1-26
2026-04-05 19:01:15,907 INFO o.a.j.t.JMeterThread: Thread started: 200 Users — Verification (10K) 1-27
2026-04-05 19:01:15,965 INFO o.a.j.t.JMeterThread: Thread is done: 200 Users — Verification (10K) 1-27
2026-04-05 19:01:15,965 INFO o.a.j.t.JMeterThread: Thread finished: 200 Users — Verification (10K) 1-27
2026-04-05 19:01:16,211 INFO o.a.j.t.JMeterThread: Thread started: 200 Users — Verification (10K) 1-28
2026-04-05 19:01:16,258 INFO o.a.j.t.JMeterThread: Thread is done: 200 Users — Verification (10K) 1-28
2026-04-05 19:01:16,258 INFO o.a.j.t.JMeterThread: Thread finished: 200 Users — Verification (10K) 1-28
2026-04-05 19:01:16,506 INFO o.a.j.t.JMeterThread: Thread started: 200 Users — Verification (10K) 1-29
2026-04-05 19:01:16,555 INFO o.a.j.t.JMeterThread: Thread is done: 200 Users — Verification (10K) 1-29
2026-04-05 19:01:16,556 INFO o.a.j.t.JMeterThread: Thread finished: 200 Users — Verification (10K) 1-29
2026-04-05 19:01:16,807 INFO o.a.j.t.JMeterThread: Thread started: 200 Users — Verification (10K) 1-30
2026-04-05 19:01:16,862 INFO o.a.j.t.JMeterThread: Thread is done: 200 Users — Verification (10K) 1-30
2026-04-05 19:01:16,862 INFO o.a.j.t.JMeterThread: Thread finished: 200 Users — Verification (10K) 1-30
2026-04-05 19:01:17,107 INFO o.a.j.t.JMeterThread: Thread started: 200 Users — Verification (10K) 1-31
2026-04-05 19:01:17,157 INFO o.a.j.t.JMeterThread: Thread is done: 200 Users — Verification (10K) 1-31
2026-04-05 19:01:17,158 INFO o.a.j.t.JMeterThread: Thread finished: 200 Users — Verification (10K) 1-31
2026-04-05 19:01:17,404 INFO o.a.j.t.JMeterThread: Thread started: 200 Users — Verification (10K) 1-32
2026-04-05 19:01:17,461 INFO o.a.j.t.JMeterThread: Thread is done: 200 Users — Verification (10K) 1-32
2026-04-05 19:01:17,461 INFO o.a.j.t.JMeterThread: Thread finished: 200 Users — Verification (10K) 1-32
2026-04-05 19:01:17,709 INFO o.a.j.t.JMeterThread: Thread started: 200 Users — Verification (10K) 1-33
2026-04-05 19:01:17,772 INFO o.a.j.t.JMeterThread: Thread is done: 200 Users — Verification (10K) 1-33
2026-04-05 19:01:17,772 INFO o.a.j.t.JMeterThread: Thread finished: 200 Users — Verification (10K) 1-33
2026-04-05 19:01:18,005 INFO o.a.j.t.JMeterThread: Thread started: 200 Users — Verification (10K) 1-34
2026-04-05 19:01:18,064 INFO o.a.j.t.JMeterThread: Thread is done: 200 Users — Verification (10K) 1-34
2026-04-05 19:01:18,064 INFO o.a.j.t.JMeterThread: Thread finished: 200 Users — Verification (10K) 1-34
2026-04-05 19:01:18,305 INFO o.a.j.t.JMeterThread: Thread started: 200 Users — Verification (10K) 1-35
2026-04-05 19:01:18,360 INFO o.a.j.t.JMeterThread: Thread is done: 200 Users — Verification (10K) 1-35
2026-04-05 19:01:18,360 INFO o.a.j.t.JMeterThread: Thread finished: 200 Users — Verification (10K) 1-35
2026-04-05 19:01:18,603 INFO o.a.j.t.JMeterThread: Thread started: 200 Users — Verification (10K) 1-36
2026-04-05 19:01:18,660 INFO o.a.j.t.JMeterThread: Thread is done: 200 Users — Verification (10K) 1-36
2026-04-05 19:01:18,661 INFO o.a.j.t.JMeterThread: Thread finished: 200 Users — Verification (10K) 1-36
2026-04-05 19:01:18,905 INFO o.a.j.t.JMeterThread: Thread started: 200 Users — Verification (10K) 1-37
2026-04-05 19:01:18,965 INFO o.a.j.t.JMeterThread: Thread is done: 200 Users — Verification (10K) 1-37
2026-04-05 19:01:18,965 INFO o.a.j.t.JMeterThread: Thread finished: 200 Users — Verification (10K) 1-37
2026-04-05 19:01:19,204 INFO o.a.j.t.JMeterThread: Thread started: 200 Users — Verification (10K) 1-38
2026-04-05 19:01:19,286 INFO o.a.j.t.JMeterThread: Thread is done: 200 Users — Verification (10K) 1-38
2026-04-05 19:01:19,286 INFO o.a.j.t.JMeterThread: Thread finished: 200 Users — Verification (10K) 1-38
2026-04-05 19:01:19,502 INFO o.a.j.t.JMeterThread: Thread started: 200 Users — Verification (10K) 1-39
2026-04-05 19:01:19,586 INFO o.a.j.t.JMeterThread: Thread is done: 200 Users — Verification (10K) 1-39
2026-04-05 19:01:19,587 INFO o.a.j.t.JMeterThread: Thread finished: 200 Users — Verification (10K) 1-39
2026-04-05 19:01:19,803 INFO o.a.j.t.JMeterThread: Thread started: 200 Users — Verification (10K) 1-40
2026-04-05 19:01:19,870 INFO o.a.j.t.JMeterThread: Thread is done: 200 Users — Verification (10K) 1-40
2026-04-05 19:01:19,870 INFO o.a.j.t.JMeterThread: Thread finished: 200 Users — Verification (10K) 1-40
2026-04-05 19:01:20,104 INFO o.a.j.t.JMeterThread: Thread started: 200 Users — Verification (10K) 1-41
2026-04-05 19:01:20,114 INFO o.a.j.r.Summariser: summary +   1962 in 00:00:10 =  195.0/s Avg:    23 Min:     0 Max:   632 Err:     0 (0.00%) Active: 1 Started: 41 Finished: 40
2026-04-05 19:01:20,115 INFO o.a.j.r.Summariser: summary =   2001 in 00:00:12 =  164.8/s Avg:    25 Min:     0 Max:   632 Err:     0 (0.00%)
2026-04-05 19:01:20,185 INFO o.a.j.t.JMeterThread: Thread is done: 200 Users — Verification (10K) 1-41
2026-04-05 19:01:20,186 INFO o.a.j.t.JMeterThread: Thread finished: 200 Users — Verification (10K) 1-41
2026-04-05 19:01:20,405 INFO o.a.j.t.JMeterThread: Thread started: 200 Users — Verification (10K) 1-42
2026-04-05 19:01:20,472 INFO o.a.j.t.JMeterThread: Thread is done: 200 Users — Verification (10K) 1-42
2026-04-05 19:01:20,472 INFO o.a.j.t.JMeterThread: Thread finished: 200 Users — Verification (10K) 1-42
2026-04-05 19:01:20,701 INFO o.a.j.t.JMeterThread: Thread started: 200 Users — Verification (10K) 1-43
2026-04-05 19:01:20,757 INFO o.a.j.t.JMeterThread: Thread is done: 200 Users — Verification (10K) 1-43
2026-04-05 19:01:20,758 INFO o.a.j.t.JMeterThread: Thread finished: 200 Users — Verification (10K) 1-43
2026-04-05 19:01:20,997 INFO o.a.j.t.JMeterThread: Thread started: 200 Users — Verification (10K) 1-44
2026-04-05 19:01:21,054 INFO o.a.j.t.JMeterThread: Thread is done: 200 Users — Verification (10K) 1-44
2026-04-05 19:01:21,054 INFO o.a.j.t.JMeterThread: Thread finished: 200 Users — Verification (10K) 1-44
2026-04-05 19:01:21,297 INFO o.a.j.t.JMeterThread: Thread started: 200 Users — Verification (10K) 1-45
2026-04-05 19:01:21,362 INFO o.a.j.t.JMeterThread: Thread is done: 200 Users — Verification (10K) 1-45
2026-04-05 19:01:21,362 INFO o.a.j.t.JMeterThread: Thread finished: 200 Users — Verification (10K) 1-45
2026-04-05 19:01:21,596 INFO o.a.j.t.JMeterThread: Thread started: 200 Users — Verification (10K) 1-46
2026-04-05 19:01:21,669 INFO o.a.j.t.JMeterThread: Thread is done: 200 Users — Verification (10K) 1-46
2026-04-05 19:01:21,669 INFO o.a.j.t.JMeterThread: Thread finished: 200 Users — Verification (10K) 1-46
2026-04-05 19:01:21,895 INFO o.a.j.t.JMeterThread: Thread started: 200 Users — Verification (10K) 1-47
2026-04-05 19:01:21,948 INFO o.a.j.t.JMeterThread: Thread is done: 200 Users — Verification (10K) 1-47
2026-04-05 19:01:21,949 INFO o.a.j.t.JMeterThread: Thread finished: 200 Users — Verification (10K) 1-47
2026-04-05 19:01:22,194 INFO o.a.j.t.JMeterThread: Thread started: 200 Users — Verification (10K) 1-48
2026-04-05 19:01:22,254 INFO o.a.j.t.JMeterThread: Thread is done: 200 Users — Verification (10K) 1-48
2026-04-05 19:01:22,255 INFO o.a.j.t.JMeterThread: Thread finished: 200 Users — Verification (10K) 1-48
2026-04-05 19:01:22,494 INFO o.a.j.t.JMeterThread: Thread started: 200 Users — Verification (10K) 1-49
2026-04-05 19:01:22,541 INFO o.a.j.t.JMeterThread: Thread is done: 200 Users — Verification (10K) 1-49
2026-04-05 19:01:22,541 INFO o.a.j.t.JMeterThread: Thread finished: 200 Users — Verification (10K) 1-49
2026-04-05 19:01:22,796 INFO o.a.j.t.JMeterThread: Thread started: 200 Users — Verification (10K) 1-50
2026-04-05 19:01:22,842 INFO o.a.j.t.JMeterThread: Thread is done: 200 Users — Verification (10K) 1-50
2026-04-05 19:01:22,842 INFO o.a.j.t.JMeterThread: Thread finished: 200 Users — Verification (10K) 1-50
2026-04-05 19:01:23,093 INFO o.a.j.t.JMeterThread: Thread started: 200 Users — Verification (10K) 1-51
2026-04-05 19:01:23,148 INFO o.a.j.t.JMeterThread: Thread is done: 200 Users — Verification (10K) 1-51
2026-04-05 19:01:23,148 INFO o.a.j.t.JMeterThread: Thread finished: 200 Users — Verification (10K) 1-51
2026-04-05 19:01:23,390 INFO o.a.j.t.JMeterThread: Thread started: 200 Users — Verification (10K) 1-52
2026-04-05 19:01:23,445 INFO o.a.j.t.JMeterThread: Thread is done: 200 Users — Verification (10K) 1-52
2026-04-05 19:01:23,445 INFO o.a.j.t.JMeterThread: Thread finished: 200 Users — Verification (10K) 1-52
2026-04-05 19:01:23,691 INFO o.a.j.t.JMeterThread: Thread started: 200 Users — Verification (10K) 1-53
2026-04-05 19:01:23,763 INFO o.a.j.t.JMeterThread: Thread is done: 200 Users — Verification (10K) 1-53
2026-04-05 19:01:23,763 INFO o.a.j.t.JMeterThread: Thread finished: 200 Users — Verification (10K) 1-53
2026-04-05 19:01:23,990 INFO o.a.j.t.JMeterThread: Thread started: 200 Users — Verification (10K) 1-54
2026-04-05 19:01:24,051 INFO o.a.j.t.JMeterThread: Thread is done: 200 Users — Verification (10K) 1-54
2026-04-05 19:01:24,051 INFO o.a.j.t.JMeterThread: Thread finished: 200 Users — Verification (10K) 1-54
2026-04-05 19:01:24,291 INFO o.a.j.t.JMeterThread: Thread started: 200 Users — Verification (10K) 1-55
2026-04-05 19:01:24,343 INFO o.a.j.t.JMeterThread: Thread is done: 200 Users — Verification (10K) 1-55
2026-04-05 19:01:24,344 INFO o.a.j.t.JMeterThread: Thread finished: 200 Users — Verification (10K) 1-55
2026-04-05 19:01:24,595 INFO o.a.j.t.JMeterThread: Thread started: 200 Users — Verification (10K) 1-56
2026-04-05 19:01:24,644 INFO o.a.j.t.JMeterThread: Thread is done: 200 Users — Verification (10K) 1-56
2026-04-05 19:01:24,644 INFO o.a.j.t.JMeterThread: Thread finished: 200 Users — Verification (10K) 1-56
2026-04-05 19:01:24,894 INFO o.a.j.t.JMeterThread: Thread started: 200 Users — Verification (10K) 1-57
2026-04-05 19:01:24,951 INFO o.a.j.t.JMeterThread: Thread is done: 200 Users — Verification (10K) 1-57
2026-04-05 19:01:24,951 INFO o.a.j.t.JMeterThread: Thread finished: 200 Users — Verification (10K) 1-57
2026-04-05 19:01:25,189 INFO o.a.j.t.JMeterThread: Thread started: 200 Users — Verification (10K) 1-58
2026-04-05 19:01:25,260 INFO o.a.j.t.JMeterThread: Thread is done: 200 Users — Verification (10K) 1-58
2026-04-05 19:01:25,260 INFO o.a.j.t.JMeterThread: Thread finished: 200 Users — Verification (10K) 1-58
2026-04-05 19:01:25,490 INFO o.a.j.t.JMeterThread: Thread started: 200 Users — Verification (10K) 1-59
2026-04-05 19:01:25,577 INFO o.a.j.t.JMeterThread: Thread is done: 200 Users — Verification (10K) 1-59
2026-04-05 19:01:25,577 INFO o.a.j.t.JMeterThread: Thread finished: 200 Users — Verification (10K) 1-59
2026-04-05 19:01:25,789 INFO o.a.j.t.JMeterThread: Thread started: 200 Users — Verification (10K) 1-60
2026-04-05 19:01:25,864 INFO o.a.j.t.JMeterThread: Thread is done: 200 Users — Verification (10K) 1-60
2026-04-05 19:01:25,864 INFO o.a.j.t.JMeterThread: Thread finished: 200 Users — Verification (10K) 1-60
2026-04-05 19:01:26,091 INFO o.a.j.t.JMeterThread: Thread started: 200 Users — Verification (10K) 1-61
2026-04-05 19:01:26,167 INFO o.a.j.t.JMeterThread: Thread is done: 200 Users — Verification (10K) 1-61
2026-04-05 19:01:26,167 INFO o.a.j.t.JMeterThread: Thread finished: 200 Users — Verification (10K) 1-61
2026-04-05 19:01:26,388 INFO o.a.j.t.JMeterThread: Thread started: 200 Users — Verification (10K) 1-62
2026-04-05 19:01:26,478 INFO o.a.j.t.JMeterThread: Thread is done: 200 Users — Verification (10K) 1-62
2026-04-05 19:01:26,478 INFO o.a.j.t.JMeterThread: Thread finished: 200 Users — Verification (10K) 1-62
2026-04-05 19:01:26,686 INFO o.a.j.t.JMeterThread: Thread started: 200 Users — Verification (10K) 1-63
2026-04-05 19:01:26,770 INFO o.a.j.t.JMeterThread: Thread is done: 200 Users — Verification (10K) 1-63
2026-04-05 19:01:26,770 INFO o.a.j.t.JMeterThread: Thread finished: 200 Users — Verification (10K) 1-63
2026-04-05 19:01:26,990 INFO o.a.j.t.JMeterThread: Thread started: 200 Users — Verification (10K) 1-64
2026-04-05 19:01:27,054 INFO o.a.j.t.JMeterThread: Thread is done: 200 Users — Verification (10K) 1-64
2026-04-05 19:01:27,054 INFO o.a.j.t.JMeterThread: Thread finished: 200 Users — Verification (10K) 1-64
2026-04-05 19:01:27,284 INFO o.a.j.t.JMeterThread: Thread started: 200 Users — Verification (10K) 1-65
2026-04-05 19:01:27,336 INFO o.a.j.t.JMeterThread: Thread is done: 200 Users — Verification (10K) 1-65
2026-04-05 19:01:27,336 INFO o.a.j.t.JMeterThread: Thread finished: 200 Users — Verification (10K) 1-65
2026-04-05 19:01:27,589 INFO o.a.j.t.JMeterThread: Thread started: 200 Users — Verification (10K) 1-66
2026-04-05 19:01:27,643 INFO o.a.j.t.JMeterThread: Thread is done: 200 Users — Verification (10K) 1-66
2026-04-05 19:01:27,643 INFO o.a.j.t.JMeterThread: Thread finished: 200 Users — Verification (10K) 1-66
2026-04-05 19:01:27,882 INFO o.a.j.t.JMeterThread: Thread started: 200 Users — Verification (10K) 1-67
2026-04-05 19:01:27,959 INFO o.a.j.t.JMeterThread: Thread is done: 200 Users — Verification (10K) 1-67
2026-04-05 19:01:27,959 INFO o.a.j.t.JMeterThread: Thread finished: 200 Users — Verification (10K) 1-67
2026-04-05 19:01:28,186 INFO o.a.j.t.JMeterThread: Thread started: 200 Users — Verification (10K) 1-68
2026-04-05 19:01:28,240 INFO o.a.j.t.JMeterThread: Thread is done: 200 Users — Verification (10K) 1-68
2026-04-05 19:01:28,240 INFO o.a.j.t.JMeterThread: Thread finished: 200 Users — Verification (10K) 1-68
2026-04-05 19:01:28,486 INFO o.a.j.t.JMeterThread: Thread started: 200 Users — Verification (10K) 1-69
2026-04-05 19:01:28,555 INFO o.a.j.t.JMeterThread: Thread is done: 200 Users — Verification (10K) 1-69
2026-04-05 19:01:28,555 INFO o.a.j.t.JMeterThread: Thread finished: 200 Users — Verification (10K) 1-69
2026-04-05 19:01:28,786 INFO o.a.j.t.JMeterThread: Thread started: 200 Users — Verification (10K) 1-70
2026-04-05 19:01:28,881 INFO o.a.j.t.JMeterThread: Thread is done: 200 Users — Verification (10K) 1-70
2026-04-05 19:01:28,881 INFO o.a.j.t.JMeterThread: Thread finished: 200 Users — Verification (10K) 1-70
2026-04-05 19:01:29,087 INFO o.a.j.t.JMeterThread: Thread started: 200 Users — Verification (10K) 1-71
2026-04-05 19:01:29,155 INFO o.a.j.t.JMeterThread: Thread is done: 200 Users — Verification (10K) 1-71
2026-04-05 19:01:29,155 INFO o.a.j.t.JMeterThread: Thread finished: 200 Users — Verification (10K) 1-71
2026-04-05 19:01:29,387 INFO o.a.j.t.JMeterThread: Thread started: 200 Users — Verification (10K) 1-72
2026-04-05 19:01:29,462 INFO o.a.j.t.JMeterThread: Thread is done: 200 Users — Verification (10K) 1-72
2026-04-05 19:01:29,462 INFO o.a.j.t.JMeterThread: Thread finished: 200 Users — Verification (10K) 1-72
2026-04-05 19:01:29,685 INFO o.a.j.t.JMeterThread: Thread started: 200 Users — Verification (10K) 1-73
2026-04-05 19:01:29,731 INFO o.a.j.t.JMeterThread: Thread is done: 200 Users — Verification (10K) 1-73
2026-04-05 19:01:29,731 INFO o.a.j.t.JMeterThread: Thread finished: 200 Users — Verification (10K) 1-73
2026-04-05 19:01:29,985 INFO o.a.j.t.JMeterThread: Thread started: 200 Users — Verification (10K) 1-74
2026-04-05 19:01:30,001 INFO o.a.j.r.Summariser: summary +   1661 in 00:00:10 =  168.0/s Avg:     1 Min:     0 Max:     6 Err:     0 (0.00%) Active: 1 Started: 74 Finished: 73
2026-04-05 19:01:30,001 INFO o.a.j.r.Summariser: summary =   3662 in 00:00:22 =  166.2/s Avg:    14 Min:     0 Max:   632 Err:     0 (0.00%)
2026-04-05 19:01:30,035 INFO o.a.j.t.JMeterThread: Thread is done: 200 Users — Verification (10K) 1-74
2026-04-05 19:01:30,035 INFO o.a.j.t.JMeterThread: Thread finished: 200 Users — Verification (10K) 1-74
2026-04-05 19:01:30,285 INFO o.a.j.t.JMeterThread: Thread started: 200 Users — Verification (10K) 1-75
2026-04-05 19:01:30,354 INFO o.a.j.t.JMeterThread: Thread is done: 200 Users — Verification (10K) 1-75
2026-04-05 19:01:30,354 INFO o.a.j.t.JMeterThread: Thread finished: 200 Users — Verification (10K) 1-75
2026-04-05 19:01:30,580 INFO o.a.j.t.JMeterThread: Thread started: 200 Users — Verification (10K) 1-76
2026-04-05 19:01:30,650 INFO o.a.j.t.JMeterThread: Thread is done: 200 Users — Verification (10K) 1-76
2026-04-05 19:01:30,650 INFO o.a.j.t.JMeterThread: Thread finished: 200 Users — Verification (10K) 1-76
2026-04-05 19:01:30,882 INFO o.a.j.t.JMeterThread: Thread started: 200 Users — Verification (10K) 1-77
2026-04-05 19:01:30,917 INFO o.a.j.t.JMeterThread: Thread is done: 200 Users — Verification (10K) 1-77
2026-04-05 19:01:30,917 INFO o.a.j.t.JMeterThread: Thread finished: 200 Users — Verification (10K) 1-77
2026-04-05 19:01:31,180 INFO o.a.j.t.JMeterThread: Thread started: 200 Users — Verification (10K) 1-78
2026-04-05 19:01:31,248 INFO o.a.j.t.JMeterThread: Thread is done: 200 Users — Verification (10K) 1-78
2026-04-05 19:01:31,249 INFO o.a.j.t.JMeterThread: Thread finished: 200 Users — Verification (10K) 1-78
2026-04-05 19:01:31,482 INFO o.a.j.t.JMeterThread: Thread started: 200 Users — Verification (10K) 1-79
2026-04-05 19:01:31,550 INFO o.a.j.t.JMeterThread: Thread is done: 200 Users — Verification (10K) 1-79
2026-04-05 19:01:31,550 INFO o.a.j.t.JMeterThread: Thread finished: 200 Users — Verification (10K) 1-79
2026-04-05 19:01:31,779 INFO o.a.j.t.JMeterThread: Thread started: 200 Users — Verification (10K) 1-80
2026-04-05 19:01:31,853 INFO o.a.j.t.JMeterThread: Thread is done: 200 Users — Verification (10K) 1-80
2026-04-05 19:01:31,853 INFO o.a.j.t.JMeterThread: Thread finished: 200 Users — Verification (10K) 1-80
2026-04-05 19:01:32,080 INFO o.a.j.t.JMeterThread: Thread started: 200 Users — Verification (10K) 1-81
2026-04-05 19:01:32,115 INFO o.a.j.t.JMeterThread: Thread is done: 200 Users — Verification (10K) 1-81
2026-04-05 19:01:32,115 INFO o.a.j.t.JMeterThread: Thread finished: 200 Users — Verification (10K) 1-81
2026-04-05 19:01:32,379 INFO o.a.j.t.JMeterThread: Thread started: 200 Users — Verification (10K) 1-82
2026-04-05 19:01:32,420 INFO o.a.j.t.JMeterThread: Thread is done: 200 Users — Verification (10K) 1-82
2026-04-05 19:01:32,421 INFO o.a.j.t.JMeterThread: Thread finished: 200 Users — Verification (10K) 1-82
2026-04-05 19:01:32,677 INFO o.a.j.t.JMeterThread: Thread started: 200 Users — Verification (10K) 1-83
2026-04-05 19:01:32,745 INFO o.a.j.t.JMeterThread: Thread is done: 200 Users — Verification (10K) 1-83
2026-04-05 19:01:32,745 INFO o.a.j.t.JMeterThread: Thread finished: 200 Users — Verification (10K) 1-83
2026-04-05 19:01:32,977 INFO o.a.j.t.JMeterThread: Thread started: 200 Users — Verification (10K) 1-84
2026-04-05 19:01:33,064 INFO o.a.j.t.JMeterThread: Thread is done: 200 Users — Verification (10K) 1-84
2026-04-05 19:01:33,064 INFO o.a.j.t.JMeterThread: Thread finished: 200 Users — Verification (10K) 1-84
2026-04-05 19:01:33,278 INFO o.a.j.t.JMeterThread: Thread started: 200 Users — Verification (10K) 1-85
2026-04-05 19:01:33,358 INFO o.a.j.t.JMeterThread: Thread is done: 200 Users — Verification (10K) 1-85
2026-04-05 19:01:33,358 INFO o.a.j.t.JMeterThread: Thread finished: 200 Users — Verification (10K) 1-85
2026-04-05 19:01:33,577 INFO o.a.j.t.JMeterThread: Thread started: 200 Users — Verification (10K) 1-86
2026-04-05 19:01:33,640 INFO o.a.j.t.JMeterThread: Thread is done: 200 Users — Verification (10K) 1-86
2026-04-05 19:01:33,640 INFO o.a.j.t.JMeterThread: Thread finished: 200 Users — Verification (10K) 1-86
2026-04-05 19:01:33,878 INFO o.a.j.t.JMeterThread: Thread started: 200 Users — Verification (10K) 1-87
2026-04-05 19:01:33,947 INFO o.a.j.t.JMeterThread: Thread is done: 200 Users — Verification (10K) 1-87
2026-04-05 19:01:33,947 INFO o.a.j.t.JMeterThread: Thread finished: 200 Users — Verification (10K) 1-87
2026-04-05 19:01:34,183 INFO o.a.j.t.JMeterThread: Thread started: 200 Users — Verification (10K) 1-88
2026-04-05 19:01:34,252 INFO o.a.j.t.JMeterThread: Thread is done: 200 Users — Verification (10K) 1-88
2026-04-05 19:01:34,252 INFO o.a.j.t.JMeterThread: Thread finished: 200 Users — Verification (10K) 1-88
2026-04-05 19:01:34,480 INFO o.a.j.t.JMeterThread: Thread started: 200 Users — Verification (10K) 1-89
2026-04-05 19:01:34,534 INFO o.a.j.t.JMeterThread: Thread is done: 200 Users — Verification (10K) 1-89
2026-04-05 19:01:34,535 INFO o.a.j.t.JMeterThread: Thread finished: 200 Users — Verification (10K) 1-89
2026-04-05 19:01:34,779 INFO o.a.j.t.JMeterThread: Thread started: 200 Users — Verification (10K) 1-90
2026-04-05 19:01:34,853 INFO o.a.j.t.JMeterThread: Thread is done: 200 Users — Verification (10K) 1-90
2026-04-05 19:01:34,853 INFO o.a.j.t.JMeterThread: Thread finished: 200 Users — Verification (10K) 1-90
2026-04-05 19:01:35,081 INFO o.a.j.t.JMeterThread: Thread started: 200 Users — Verification (10K) 1-91
2026-04-05 19:01:35,148 INFO o.a.j.t.JMeterThread: Thread is done: 200 Users — Verification (10K) 1-91
2026-04-05 19:01:35,149 INFO o.a.j.t.JMeterThread: Thread finished: 200 Users — Verification (10K) 1-91
2026-04-05 19:01:35,381 INFO o.a.j.t.JMeterThread: Thread started: 200 Users — Verification (10K) 1-92
2026-04-05 19:01:35,463 INFO o.a.j.t.JMeterThread: Thread is done: 200 Users — Verification (10K) 1-92
2026-04-05 19:01:35,463 INFO o.a.j.t.JMeterThread: Thread finished: 200 Users — Verification (10K) 1-92
2026-04-05 19:01:35,681 INFO o.a.j.t.JMeterThread: Thread started: 200 Users — Verification (10K) 1-93
2026-04-05 19:01:35,726 INFO o.a.j.t.JMeterThread: Thread is done: 200 Users — Verification (10K) 1-93
2026-04-05 19:01:35,726 INFO o.a.j.t.JMeterThread: Thread finished: 200 Users — Verification (10K) 1-93
2026-04-05 19:01:35,981 INFO o.a.j.t.JMeterThread: Thread started: 200 Users — Verification (10K) 1-94
2026-04-05 19:01:36,031 INFO o.a.j.t.JMeterThread: Thread is done: 200 Users — Verification (10K) 1-94
2026-04-05 19:01:36,031 INFO o.a.j.t.JMeterThread: Thread finished: 200 Users — Verification (10K) 1-94
2026-04-05 19:01:36,281 INFO o.a.j.t.JMeterThread: Thread started: 200 Users — Verification (10K) 1-95
2026-04-05 19:01:36,353 INFO o.a.j.t.JMeterThread: Thread is done: 200 Users — Verification (10K) 1-95
2026-04-05 19:01:36,353 INFO o.a.j.t.JMeterThread: Thread finished: 200 Users — Verification (10K) 1-95
2026-04-05 19:01:36,581 INFO o.a.j.t.JMeterThread: Thread started: 200 Users — Verification (10K) 1-96
2026-04-05 19:01:36,655 INFO o.a.j.t.JMeterThread: Thread is done: 200 Users — Verification (10K) 1-96
2026-04-05 19:01:36,655 INFO o.a.j.t.JMeterThread: Thread finished: 200 Users — Verification (10K) 1-96
2026-04-05 19:01:36,881 INFO o.a.j.t.JMeterThread: Thread started: 200 Users — Verification (10K) 1-97
2026-04-05 19:01:36,919 INFO o.a.j.t.JMeterThread: Thread is done: 200 Users — Verification (10K) 1-97
2026-04-05 19:01:36,919 INFO o.a.j.t.JMeterThread: Thread finished: 200 Users — Verification (10K) 1-97
2026-04-05 19:01:37,180 INFO o.a.j.t.JMeterThread: Thread started: 200 Users — Verification (10K) 1-98
2026-04-05 19:01:37,251 INFO o.a.j.t.JMeterThread: Thread is done: 200 Users — Verification (10K) 1-98
2026-04-05 19:01:37,251 INFO o.a.j.t.JMeterThread: Thread finished: 200 Users — Verification (10K) 1-98
2026-04-05 19:01:37,482 INFO o.a.j.t.JMeterThread: Thread started: 200 Users — Verification (10K) 1-99
2026-04-05 19:01:37,555 INFO o.a.j.t.JMeterThread: Thread is done: 200 Users — Verification (10K) 1-99
2026-04-05 19:01:37,555 INFO o.a.j.t.JMeterThread: Thread finished: 200 Users — Verification (10K) 1-99
2026-04-05 19:01:37,781 INFO o.a.j.t.JMeterThread: Thread started: 200 Users — Verification (10K) 1-100
2026-04-05 19:01:37,857 INFO o.a.j.t.JMeterThread: Thread is done: 200 Users — Verification (10K) 1-100
2026-04-05 19:01:37,857 INFO o.a.j.t.JMeterThread: Thread finished: 200 Users — Verification (10K) 1-100
2026-04-05 19:01:38,081 INFO o.a.j.t.JMeterThread: Thread started: 200 Users — Verification (10K) 1-101
2026-04-05 19:01:38,145 INFO o.a.j.t.JMeterThread: Thread is done: 200 Users — Verification (10K) 1-101
2026-04-05 19:01:38,145 INFO o.a.j.t.JMeterThread: Thread finished: 200 Users — Verification (10K) 1-101
2026-04-05 19:01:38,378 INFO o.a.j.t.JMeterThread: Thread started: 200 Users — Verification (10K) 1-102
2026-04-05 19:01:38,437 INFO o.a.j.t.JMeterThread: Thread is done: 200 Users — Verification (10K) 1-102
2026-04-05 19:01:38,437 INFO o.a.j.t.JMeterThread: Thread finished: 200 Users — Verification (10K) 1-102
2026-04-05 19:01:38,679 INFO o.a.j.t.JMeterThread: Thread started: 200 Users — Verification (10K) 1-103
2026-04-05 19:01:38,750 INFO o.a.j.t.JMeterThread: Thread is done: 200 Users — Verification (10K) 1-103
2026-04-05 19:01:38,750 INFO o.a.j.t.JMeterThread: Thread finished: 200 Users — Verification (10K) 1-103
2026-04-05 19:01:38,980 INFO o.a.j.t.JMeterThread: Thread started: 200 Users — Verification (10K) 1-104
2026-04-05 19:01:39,030 INFO o.a.j.t.JMeterThread: Thread is done: 200 Users — Verification (10K) 1-104
2026-04-05 19:01:39,030 INFO o.a.j.t.JMeterThread: Thread finished: 200 Users — Verification (10K) 1-104
2026-04-05 19:01:39,276 INFO o.a.j.t.JMeterThread: Thread started: 200 Users — Verification (10K) 1-105
2026-04-05 19:01:39,341 INFO o.a.j.t.JMeterThread: Thread is done: 200 Users — Verification (10K) 1-105
2026-04-05 19:01:39,341 INFO o.a.j.t.JMeterThread: Thread finished: 200 Users — Verification (10K) 1-105
2026-04-05 19:01:39,579 INFO o.a.j.t.JMeterThread: Thread started: 200 Users — Verification (10K) 1-106
2026-04-05 19:01:39,630 INFO o.a.j.t.JMeterThread: Thread is done: 200 Users — Verification (10K) 1-106
2026-04-05 19:01:39,631 INFO o.a.j.t.JMeterThread: Thread finished: 200 Users — Verification (10K) 1-106
2026-04-05 19:01:39,878 INFO o.a.j.t.JMeterThread: Thread started: 200 Users — Verification (10K) 1-107
2026-04-05 19:01:39,939 INFO o.a.j.t.JMeterThread: Thread is done: 200 Users — Verification (10K) 1-107
2026-04-05 19:01:39,939 INFO o.a.j.t.JMeterThread: Thread finished: 200 Users — Verification (10K) 1-107
2026-04-05 19:01:40,177 INFO o.a.j.t.JMeterThread: Thread started: 200 Users — Verification (10K) 1-108
2026-04-05 19:01:40,180 INFO o.a.j.r.Summariser: summary +   1689 in 00:00:10 =  165.9/s Avg:     1 Min:     0 Max:     6 Err:     0 (0.00%) Active: 1 Started: 108 Finished: 107
2026-04-05 19:01:40,180 INFO o.a.j.r.Summariser: summary =   5351 in 00:00:32 =  166.1/s Avg:    10 Min:     0 Max:   632 Err:     0 (0.00%)
2026-04-05 19:01:40,228 INFO o.a.j.t.JMeterThread: Thread is done: 200 Users — Verification (10K) 1-108
2026-04-05 19:01:40,228 INFO o.a.j.t.JMeterThread: Thread finished: 200 Users — Verification (10K) 1-108
2026-04-05 19:01:40,478 INFO o.a.j.t.JMeterThread: Thread started: 200 Users — Verification (10K) 1-109
2026-04-05 19:01:40,534 INFO o.a.j.t.JMeterThread: Thread is done: 200 Users — Verification (10K) 1-109
2026-04-05 19:01:40,534 INFO o.a.j.t.JMeterThread: Thread finished: 200 Users — Verification (10K) 1-109
2026-04-05 19:01:40,777 INFO o.a.j.t.JMeterThread: Thread started: 200 Users — Verification (10K) 1-110
2026-04-05 19:01:40,833 INFO o.a.j.t.JMeterThread: Thread is done: 200 Users — Verification (10K) 1-110
2026-04-05 19:01:40,833 INFO o.a.j.t.JMeterThread: Thread finished: 200 Users — Verification (10K) 1-110
2026-04-05 19:01:41,078 INFO o.a.j.t.JMeterThread: Thread started: 200 Users — Verification (10K) 1-111
2026-04-05 19:01:41,116 INFO o.a.j.t.JMeterThread: Thread is done: 200 Users — Verification (10K) 1-111
2026-04-05 19:01:41,116 INFO o.a.j.t.JMeterThread: Thread finished: 200 Users — Verification (10K) 1-111
2026-04-05 19:01:41,378 INFO o.a.j.t.JMeterThread: Thread started: 200 Users — Verification (10K) 1-112
2026-04-05 19:01:41,428 INFO o.a.j.t.JMeterThread: Thread is done: 200 Users — Verification (10K) 1-112
2026-04-05 19:01:41,429 INFO o.a.j.t.JMeterThread: Thread finished: 200 Users — Verification (10K) 1-112
2026-04-05 19:01:41,672 INFO o.a.j.t.JMeterThread: Thread started: 200 Users — Verification (10K) 1-113
2026-04-05 19:01:41,722 INFO o.a.j.t.JMeterThread: Thread is done: 200 Users — Verification (10K) 1-113
2026-04-05 19:01:41,723 INFO o.a.j.t.JMeterThread: Thread finished: 200 Users — Verification (10K) 1-113
2026-04-05 19:01:41,974 INFO o.a.j.t.JMeterThread: Thread started: 200 Users — Verification (10K) 1-114
2026-04-05 19:01:42,019 INFO o.a.j.t.JMeterThread: Thread is done: 200 Users — Verification (10K) 1-114
2026-04-05 19:01:42,019 INFO o.a.j.t.JMeterThread: Thread finished: 200 Users — Verification (10K) 1-114
2026-04-05 19:01:42,272 INFO o.a.j.t.JMeterThread: Thread started: 200 Users — Verification (10K) 1-115
2026-04-05 19:01:42,316 INFO o.a.j.t.JMeterThread: Thread is done: 200 Users — Verification (10K) 1-115
2026-04-05 19:01:42,316 INFO o.a.j.t.JMeterThread: Thread finished: 200 Users — Verification (10K) 1-115
2026-04-05 19:01:42,570 INFO o.a.j.t.JMeterThread: Thread started: 200 Users — Verification (10K) 1-116
2026-04-05 19:01:42,599 INFO o.a.j.t.JMeterThread: Thread is done: 200 Users — Verification (10K) 1-116
2026-04-05 19:01:42,599 INFO o.a.j.t.JMeterThread: Thread finished: 200 Users — Verification (10K) 1-116
2026-04-05 19:01:42,877 INFO o.a.j.t.JMeterThread: Thread started: 200 Users — Verification (10K) 1-117
2026-04-05 19:01:42,934 INFO o.a.j.t.JMeterThread: Thread is done: 200 Users — Verification (10K) 1-117
2026-04-05 19:01:42,934 INFO o.a.j.t.JMeterThread: Thread finished: 200 Users — Verification (10K) 1-117
2026-04-05 19:01:43,171 INFO o.a.j.t.JMeterThread: Thread started: 200 Users — Verification (10K) 1-118
2026-04-05 19:01:43,198 INFO o.a.j.t.JMeterThread: Thread is done: 200 Users — Verification (10K) 1-118
2026-04-05 19:01:43,198 INFO o.a.j.t.JMeterThread: Thread finished: 200 Users — Verification (10K) 1-118
2026-04-05 19:01:43,471 INFO o.a.j.t.JMeterThread: Thread started: 200 Users — Verification (10K) 1-119
2026-04-05 19:01:43,532 INFO o.a.j.t.JMeterThread: Thread is done: 200 Users — Verification (10K) 1-119
2026-04-05 19:01:43,532 INFO o.a.j.t.JMeterThread: Thread finished: 200 Users — Verification (10K) 1-119
2026-04-05 19:01:43,771 INFO o.a.j.t.JMeterThread: Thread started: 200 Users — Verification (10K) 1-120
2026-04-05 19:01:43,836 INFO o.a.j.t.JMeterThread: Thread is done: 200 Users — Verification (10K) 1-120
2026-04-05 19:01:43,836 INFO o.a.j.t.JMeterThread: Thread finished: 200 Users — Verification (10K) 1-120
2026-04-05 19:01:44,074 INFO o.a.j.t.JMeterThread: Thread started: 200 Users — Verification (10K) 1-121
2026-04-05 19:01:44,134 INFO o.a.j.t.JMeterThread: Thread is done: 200 Users — Verification (10K) 1-121
2026-04-05 19:01:44,134 INFO o.a.j.t.JMeterThread: Thread finished: 200 Users — Verification (10K) 1-121
2026-04-05 19:01:44,371 INFO o.a.j.t.JMeterThread: Thread started: 200 Users — Verification (10K) 1-122
2026-04-05 19:01:44,436 INFO o.a.j.t.JMeterThread: Thread is done: 200 Users — Verification (10K) 1-122
2026-04-05 19:01:44,437 INFO o.a.j.t.JMeterThread: Thread finished: 200 Users — Verification (10K) 1-122
2026-04-05 19:01:44,674 INFO o.a.j.t.JMeterThread: Thread started: 200 Users — Verification (10K) 1-123
2026-04-05 19:01:44,737 INFO o.a.j.t.JMeterThread: Thread is done: 200 Users — Verification (10K) 1-123
2026-04-05 19:01:44,737 INFO o.a.j.t.JMeterThread: Thread finished: 200 Users — Verification (10K) 1-123
2026-04-05 19:01:44,974 INFO o.a.j.t.JMeterThread: Thread started: 200 Users — Verification (10K) 1-124
2026-04-05 19:01:45,033 INFO o.a.j.t.JMeterThread: Thread is done: 200 Users — Verification (10K) 1-124
2026-04-05 19:01:45,034 INFO o.a.j.t.JMeterThread: Thread finished: 200 Users — Verification (10K) 1-124
2026-04-05 19:01:45,270 INFO o.a.j.t.JMeterThread: Thread started: 200 Users — Verification (10K) 1-125
2026-04-05 19:01:45,333 INFO o.a.j.t.JMeterThread: Thread is done: 200 Users — Verification (10K) 1-125
2026-04-05 19:01:45,333 INFO o.a.j.t.JMeterThread: Thread finished: 200 Users — Verification (10K) 1-125
2026-04-05 19:01:45,573 INFO o.a.j.t.JMeterThread: Thread started: 200 Users — Verification (10K) 1-126
2026-04-05 19:01:45,625 INFO o.a.j.t.JMeterThread: Thread is done: 200 Users — Verification (10K) 1-126
2026-04-05 19:01:45,626 INFO o.a.j.t.JMeterThread: Thread finished: 200 Users — Verification (10K) 1-126
2026-04-05 19:01:45,872 INFO o.a.j.t.JMeterThread: Thread started: 200 Users — Verification (10K) 1-127
2026-04-05 19:01:45,928 INFO o.a.j.t.JMeterThread: Thread is done: 200 Users — Verification (10K) 1-127
2026-04-05 19:01:45,928 INFO o.a.j.t.JMeterThread: Thread finished: 200 Users — Verification (10K) 1-127
2026-04-05 19:01:46,171 INFO o.a.j.t.JMeterThread: Thread started: 200 Users — Verification (10K) 1-128
2026-04-05 19:01:46,249 INFO o.a.j.t.JMeterThread: Thread is done: 200 Users — Verification (10K) 1-128
2026-04-05 19:01:46,249 INFO o.a.j.t.JMeterThread: Thread finished: 200 Users — Verification (10K) 1-128
2026-04-05 19:01:46,474 INFO o.a.j.t.JMeterThread: Thread started: 200 Users — Verification (10K) 1-129
2026-04-05 19:01:46,510 INFO o.a.j.t.JMeterThread: Thread is done: 200 Users — Verification (10K) 1-129
2026-04-05 19:01:46,510 INFO o.a.j.t.JMeterThread: Thread finished: 200 Users — Verification (10K) 1-129
2026-04-05 19:01:46,769 INFO o.a.j.t.JMeterThread: Thread started: 200 Users — Verification (10K) 1-130
2026-04-05 19:01:46,821 INFO o.a.j.t.JMeterThread: Thread is done: 200 Users — Verification (10K) 1-130
2026-04-05 19:01:46,821 INFO o.a.j.t.JMeterThread: Thread finished: 200 Users — Verification (10K) 1-130
2026-04-05 19:01:47,073 INFO o.a.j.t.JMeterThread: Thread started: 200 Users — Verification (10K) 1-131
2026-04-05 19:01:47,122 INFO o.a.j.t.JMeterThread: Thread is done: 200 Users — Verification (10K) 1-131
2026-04-05 19:01:47,122 INFO o.a.j.t.JMeterThread: Thread finished: 200 Users — Verification (10K) 1-131
2026-04-05 19:01:47,367 INFO o.a.j.t.JMeterThread: Thread started: 200 Users — Verification (10K) 1-132
2026-04-05 19:01:47,424 INFO o.a.j.t.JMeterThread: Thread is done: 200 Users — Verification (10K) 1-132
2026-04-05 19:01:47,424 INFO o.a.j.t.JMeterThread: Thread finished: 200 Users — Verification (10K) 1-132
2026-04-05 19:01:47,674 INFO o.a.j.t.JMeterThread: Thread started: 200 Users — Verification (10K) 1-133
2026-04-05 19:01:47,774 INFO o.a.j.t.JMeterThread: Thread is done: 200 Users — Verification (10K) 1-133
2026-04-05 19:01:47,774 INFO o.a.j.t.JMeterThread: Thread finished: 200 Users — Verification (10K) 1-133
2026-04-05 19:01:47,973 INFO o.a.j.t.JMeterThread: Thread started: 200 Users — Verification (10K) 1-134
2026-04-05 19:01:48,033 INFO o.a.j.t.JMeterThread: Thread is done: 200 Users — Verification (10K) 1-134
2026-04-05 19:01:48,033 INFO o.a.j.t.JMeterThread: Thread finished: 200 Users — Verification (10K) 1-134
2026-04-05 19:01:48,270 INFO o.a.j.t.JMeterThread: Thread started: 200 Users — Verification (10K) 1-135
2026-04-05 19:01:48,318 INFO o.a.j.t.JMeterThread: Thread is done: 200 Users — Verification (10K) 1-135
2026-04-05 19:01:48,318 INFO o.a.j.t.JMeterThread: Thread finished: 200 Users — Verification (10K) 1-135
2026-04-05 19:01:48,573 INFO o.a.j.t.JMeterThread: Thread started: 200 Users — Verification (10K) 1-136
2026-04-05 19:01:48,641 INFO o.a.j.t.JMeterThread: Thread is done: 200 Users — Verification (10K) 1-136
2026-04-05 19:01:48,642 INFO o.a.j.t.JMeterThread: Thread finished: 200 Users — Verification (10K) 1-136
2026-04-05 19:01:48,874 INFO o.a.j.t.JMeterThread: Thread started: 200 Users — Verification (10K) 1-137
2026-04-05 19:01:48,932 INFO o.a.j.t.JMeterThread: Thread is done: 200 Users — Verification (10K) 1-137
2026-04-05 19:01:48,932 INFO o.a.j.t.JMeterThread: Thread finished: 200 Users — Verification (10K) 1-137
2026-04-05 19:01:49,167 INFO o.a.j.t.JMeterThread: Thread started: 200 Users — Verification (10K) 1-138
2026-04-05 19:01:49,220 INFO o.a.j.t.JMeterThread: Thread is done: 200 Users — Verification (10K) 1-138
2026-04-05 19:01:49,220 INFO o.a.j.t.JMeterThread: Thread finished: 200 Users — Verification (10K) 1-138
2026-04-05 19:01:49,472 INFO o.a.j.t.JMeterThread: Thread started: 200 Users — Verification (10K) 1-139
2026-04-05 19:01:49,522 INFO o.a.j.t.JMeterThread: Thread is done: 200 Users — Verification (10K) 1-139
2026-04-05 19:01:49,522 INFO o.a.j.t.JMeterThread: Thread finished: 200 Users — Verification (10K) 1-139
2026-04-05 19:01:49,771 INFO o.a.j.t.JMeterThread: Thread started: 200 Users — Verification (10K) 1-140
2026-04-05 19:01:49,831 INFO o.a.j.t.JMeterThread: Thread is done: 200 Users — Verification (10K) 1-140
2026-04-05 19:01:49,832 INFO o.a.j.t.JMeterThread: Thread finished: 200 Users — Verification (10K) 1-140
2026-04-05 19:01:50,072 INFO o.a.j.t.JMeterThread: Thread started: 200 Users — Verification (10K) 1-141
2026-04-05 19:01:50,079 INFO o.a.j.r.Summariser: summary +   1650 in 00:00:10 =  166.7/s Avg:     0 Min:     0 Max:    43 Err:     0 (0.00%) Active: 1 Started: 141 Finished: 140
2026-04-05 19:01:50,080 INFO o.a.j.r.Summariser: summary =   7001 in 00:00:42 =  166.3/s Avg:     8 Min:     0 Max:   632 Err:     0 (0.00%)
2026-04-05 19:01:50,121 INFO o.a.j.t.JMeterThread: Thread is done: 200 Users — Verification (10K) 1-141
2026-04-05 19:01:50,121 INFO o.a.j.t.JMeterThread: Thread finished: 200 Users — Verification (10K) 1-141
2026-04-05 19:01:50,371 INFO o.a.j.t.JMeterThread: Thread started: 200 Users — Verification (10K) 1-142
2026-04-05 19:01:50,431 INFO o.a.j.t.JMeterThread: Thread is done: 200 Users — Verification (10K) 1-142
2026-04-05 19:01:50,431 INFO o.a.j.t.JMeterThread: Thread finished: 200 Users — Verification (10K) 1-142
2026-04-05 19:01:50,666 INFO o.a.j.t.JMeterThread: Thread started: 200 Users — Verification (10K) 1-143
2026-04-05 19:01:50,726 INFO o.a.j.t.JMeterThread: Thread is done: 200 Users — Verification (10K) 1-143
2026-04-05 19:01:50,726 INFO o.a.j.t.JMeterThread: Thread finished: 200 Users — Verification (10K) 1-143
2026-04-05 19:01:50,968 INFO o.a.j.t.JMeterThread: Thread started: 200 Users — Verification (10K) 1-144
2026-04-05 19:01:51,016 INFO o.a.j.t.JMeterThread: Thread is done: 200 Users — Verification (10K) 1-144
2026-04-05 19:01:51,017 INFO o.a.j.t.JMeterThread: Thread finished: 200 Users — Verification (10K) 1-144
2026-04-05 19:01:51,268 INFO o.a.j.t.JMeterThread: Thread started: 200 Users — Verification (10K) 1-145
2026-04-05 19:01:51,309 INFO o.a.j.t.JMeterThread: Thread is done: 200 Users — Verification (10K) 1-145
2026-04-05 19:01:51,309 INFO o.a.j.t.JMeterThread: Thread finished: 200 Users — Verification (10K) 1-145
2026-04-05 19:01:51,570 INFO o.a.j.t.JMeterThread: Thread started: 200 Users — Verification (10K) 1-146
2026-04-05 19:01:51,608 INFO o.a.j.t.JMeterThread: Thread is done: 200 Users — Verification (10K) 1-146
2026-04-05 19:01:51,608 INFO o.a.j.t.JMeterThread: Thread finished: 200 Users — Verification (10K) 1-146
2026-04-05 19:01:51,865 INFO o.a.j.t.JMeterThread: Thread started: 200 Users — Verification (10K) 1-147
2026-04-05 19:01:51,904 INFO o.a.j.t.JMeterThread: Thread is done: 200 Users — Verification (10K) 1-147
2026-04-05 19:01:51,904 INFO o.a.j.t.JMeterThread: Thread finished: 200 Users — Verification (10K) 1-147
2026-04-05 19:01:52,166 INFO o.a.j.t.JMeterThread: Thread started: 200 Users — Verification (10K) 1-148
2026-04-05 19:01:52,220 INFO o.a.j.t.JMeterThread: Thread is done: 200 Users — Verification (10K) 1-148
2026-04-05 19:01:52,221 INFO o.a.j.t.JMeterThread: Thread finished: 200 Users — Verification (10K) 1-148
2026-04-05 19:01:52,467 INFO o.a.j.t.JMeterThread: Thread started: 200 Users — Verification (10K) 1-149
2026-04-05 19:01:52,514 INFO o.a.j.t.JMeterThread: Thread is done: 200 Users — Verification (10K) 1-149
2026-04-05 19:01:52,514 INFO o.a.j.t.JMeterThread: Thread finished: 200 Users — Verification (10K) 1-149
2026-04-05 19:01:52,767 INFO o.a.j.t.JMeterThread: Thread started: 200 Users — Verification (10K) 1-150
2026-04-05 19:01:52,809 INFO o.a.j.t.JMeterThread: Thread is done: 200 Users — Verification (10K) 1-150
2026-04-05 19:01:52,809 INFO o.a.j.t.JMeterThread: Thread finished: 200 Users — Verification (10K) 1-150
2026-04-05 19:01:53,067 INFO o.a.j.t.JMeterThread: Thread started: 200 Users — Verification (10K) 1-151
2026-04-05 19:01:53,113 INFO o.a.j.t.JMeterThread: Thread is done: 200 Users — Verification (10K) 1-151
2026-04-05 19:01:53,113 INFO o.a.j.t.JMeterThread: Thread finished: 200 Users — Verification (10K) 1-151
2026-04-05 19:01:53,367 INFO o.a.j.t.JMeterThread: Thread started: 200 Users — Verification (10K) 1-152
2026-04-05 19:01:53,416 INFO o.a.j.t.JMeterThread: Thread is done: 200 Users — Verification (10K) 1-152
2026-04-05 19:01:53,416 INFO o.a.j.t.JMeterThread: Thread finished: 200 Users — Verification (10K) 1-152
2026-04-05 19:01:53,671 INFO o.a.j.t.JMeterThread: Thread started: 200 Users — Verification (10K) 1-153
2026-04-05 19:01:53,713 INFO o.a.j.t.JMeterThread: Thread is done: 200 Users — Verification (10K) 1-153
2026-04-05 19:01:53,713 INFO o.a.j.t.JMeterThread: Thread finished: 200 Users — Verification (10K) 1-153
2026-04-05 19:01:53,971 INFO o.a.j.t.JMeterThread: Thread started: 200 Users — Verification (10K) 1-154
2026-04-05 19:01:54,012 INFO o.a.j.t.JMeterThread: Thread is done: 200 Users — Verification (10K) 1-154
2026-04-05 19:01:54,012 INFO o.a.j.t.JMeterThread: Thread finished: 200 Users — Verification (10K) 1-154
2026-04-05 19:01:54,266 INFO o.a.j.t.JMeterThread: Thread started: 200 Users — Verification (10K) 1-155
2026-04-05 19:01:54,313 INFO o.a.j.t.JMeterThread: Thread is done: 200 Users — Verification (10K) 1-155
2026-04-05 19:01:54,313 INFO o.a.j.t.JMeterThread: Thread finished: 200 Users — Verification (10K) 1-155
2026-04-05 19:01:54,568 INFO o.a.j.t.JMeterThread: Thread started: 200 Users — Verification (10K) 1-156
2026-04-05 19:01:54,615 INFO o.a.j.t.JMeterThread: Thread is done: 200 Users — Verification (10K) 1-156
2026-04-05 19:01:54,615 INFO o.a.j.t.JMeterThread: Thread finished: 200 Users — Verification (10K) 1-156
2026-04-05 19:01:54,867 INFO o.a.j.t.JMeterThread: Thread started: 200 Users — Verification (10K) 1-157
2026-04-05 19:01:54,918 INFO o.a.j.t.JMeterThread: Thread is done: 200 Users — Verification (10K) 1-157
2026-04-05 19:01:54,918 INFO o.a.j.t.JMeterThread: Thread finished: 200 Users — Verification (10K) 1-157
2026-04-05 19:01:55,165 INFO o.a.j.t.JMeterThread: Thread started: 200 Users — Verification (10K) 1-158
2026-04-05 19:01:55,219 INFO o.a.j.t.JMeterThread: Thread is done: 200 Users — Verification (10K) 1-158
2026-04-05 19:01:55,219 INFO o.a.j.t.JMeterThread: Thread finished: 200 Users — Verification (10K) 1-158
2026-04-05 19:01:55,465 INFO o.a.j.t.JMeterThread: Thread started: 200 Users — Verification (10K) 1-159
2026-04-05 19:01:55,516 INFO o.a.j.t.JMeterThread: Thread is done: 200 Users — Verification (10K) 1-159
2026-04-05 19:01:55,516 INFO o.a.j.t.JMeterThread: Thread finished: 200 Users — Verification (10K) 1-159
2026-04-05 19:01:55,767 INFO o.a.j.t.JMeterThread: Thread started: 200 Users — Verification (10K) 1-160
2026-04-05 19:01:55,806 INFO o.a.j.t.JMeterThread: Thread is done: 200 Users — Verification (10K) 1-160
2026-04-05 19:01:55,806 INFO o.a.j.t.JMeterThread: Thread finished: 200 Users — Verification (10K) 1-160
2026-04-05 19:01:56,066 INFO o.a.j.t.JMeterThread: Thread started: 200 Users — Verification (10K) 1-161
2026-04-05 19:01:56,118 INFO o.a.j.t.JMeterThread: Thread is done: 200 Users — Verification (10K) 1-161
2026-04-05 19:01:56,118 INFO o.a.j.t.JMeterThread: Thread finished: 200 Users — Verification (10K) 1-161
2026-04-05 19:01:56,367 INFO o.a.j.t.JMeterThread: Thread started: 200 Users — Verification (10K) 1-162
2026-04-05 19:01:56,416 INFO o.a.j.t.JMeterThread: Thread is done: 200 Users — Verification (10K) 1-162
2026-04-05 19:01:56,416 INFO o.a.j.t.JMeterThread: Thread finished: 200 Users — Verification (10K) 1-162
2026-04-05 19:01:56,664 INFO o.a.j.t.JMeterThread: Thread started: 200 Users — Verification (10K) 1-163
2026-04-05 19:01:56,718 INFO o.a.j.t.JMeterThread: Thread is done: 200 Users — Verification (10K) 1-163
2026-04-05 19:01:56,718 INFO o.a.j.t.JMeterThread: Thread finished: 200 Users — Verification (10K) 1-163
2026-04-05 19:01:56,965 INFO o.a.j.t.JMeterThread: Thread started: 200 Users — Verification (10K) 1-164
2026-04-05 19:01:57,009 INFO o.a.j.t.JMeterThread: Thread is done: 200 Users — Verification (10K) 1-164
2026-04-05 19:01:57,009 INFO o.a.j.t.JMeterThread: Thread finished: 200 Users — Verification (10K) 1-164
2026-04-05 19:01:57,266 INFO o.a.j.t.JMeterThread: Thread started: 200 Users — Verification (10K) 1-165
2026-04-05 19:01:57,306 INFO o.a.j.t.JMeterThread: Thread is done: 200 Users — Verification (10K) 1-165
2026-04-05 19:01:57,306 INFO o.a.j.t.JMeterThread: Thread finished: 200 Users — Verification (10K) 1-165
2026-04-05 19:01:57,567 INFO o.a.j.t.JMeterThread: Thread started: 200 Users — Verification (10K) 1-166
2026-04-05 19:01:57,599 INFO o.a.j.t.JMeterThread: Thread is done: 200 Users — Verification (10K) 1-166
2026-04-05 19:01:57,599 INFO o.a.j.t.JMeterThread: Thread finished: 200 Users — Verification (10K) 1-166
2026-04-05 19:01:57,867 INFO o.a.j.t.JMeterThread: Thread started: 200 Users — Verification (10K) 1-167
2026-04-05 19:01:57,909 INFO o.a.j.t.JMeterThread: Thread is done: 200 Users — Verification (10K) 1-167
2026-04-05 19:01:57,909 INFO o.a.j.t.JMeterThread: Thread finished: 200 Users — Verification (10K) 1-167
2026-04-05 19:01:58,166 INFO o.a.j.t.JMeterThread: Thread started: 200 Users — Verification (10K) 1-168
2026-04-05 19:01:58,220 INFO o.a.j.t.JMeterThread: Thread is done: 200 Users — Verification (10K) 1-168
2026-04-05 19:01:58,220 INFO o.a.j.t.JMeterThread: Thread finished: 200 Users — Verification (10K) 1-168
2026-04-05 19:01:58,466 INFO o.a.j.t.JMeterThread: Thread started: 200 Users — Verification (10K) 1-169
2026-04-05 19:01:58,510 INFO o.a.j.t.JMeterThread: Thread is done: 200 Users — Verification (10K) 1-169
2026-04-05 19:01:58,510 INFO o.a.j.t.JMeterThread: Thread finished: 200 Users — Verification (10K) 1-169
2026-04-05 19:01:58,763 INFO o.a.j.t.JMeterThread: Thread started: 200 Users — Verification (10K) 1-170
2026-04-05 19:01:58,807 INFO o.a.j.t.JMeterThread: Thread is done: 200 Users — Verification (10K) 1-170
2026-04-05 19:01:58,807 INFO o.a.j.t.JMeterThread: Thread finished: 200 Users — Verification (10K) 1-170
2026-04-05 19:01:59,064 INFO o.a.j.t.JMeterThread: Thread started: 200 Users — Verification (10K) 1-171
2026-04-05 19:01:59,106 INFO o.a.j.t.JMeterThread: Thread is done: 200 Users — Verification (10K) 1-171
2026-04-05 19:01:59,106 INFO o.a.j.t.JMeterThread: Thread finished: 200 Users — Verification (10K) 1-171
2026-04-05 19:01:59,363 INFO o.a.j.t.JMeterThread: Thread started: 200 Users — Verification (10K) 1-172
2026-04-05 19:01:59,404 INFO o.a.j.t.JMeterThread: Thread is done: 200 Users — Verification (10K) 1-172
2026-04-05 19:01:59,404 INFO o.a.j.t.JMeterThread: Thread finished: 200 Users — Verification (10K) 1-172
2026-04-05 19:01:59,663 INFO o.a.j.t.JMeterThread: Thread started: 200 Users — Verification (10K) 1-173
2026-04-05 19:01:59,700 INFO o.a.j.t.JMeterThread: Thread is done: 200 Users — Verification (10K) 1-173
2026-04-05 19:01:59,700 INFO o.a.j.t.JMeterThread: Thread finished: 200 Users — Verification (10K) 1-173
2026-04-05 19:01:59,965 INFO o.a.j.t.JMeterThread: Thread started: 200 Users — Verification (10K) 1-174
2026-04-05 19:02:00,000 INFO o.a.j.r.Summariser: summary +   1693 in 00:00:10 =  170.6/s Avg:     0 Min:     0 Max:     5 Err:     0 (0.00%) Active: 1 Started: 174 Finished: 173
2026-04-05 19:02:00,001 INFO o.a.j.r.Summariser: summary =   8694 in 00:00:52 =  167.1/s Avg:     6 Min:     0 Max:   632 Err:     0 (0.00%)
2026-04-05 19:02:00,007 INFO o.a.j.t.JMeterThread: Thread is done: 200 Users — Verification (10K) 1-174
2026-04-05 19:02:00,007 INFO o.a.j.t.JMeterThread: Thread finished: 200 Users — Verification (10K) 1-174
2026-04-05 19:02:00,262 INFO o.a.j.t.JMeterThread: Thread started: 200 Users — Verification (10K) 1-175
2026-04-05 19:02:00,303 INFO o.a.j.t.JMeterThread: Thread is done: 200 Users — Verification (10K) 1-175
2026-04-05 19:02:00,303 INFO o.a.j.t.JMeterThread: Thread finished: 200 Users — Verification (10K) 1-175
2026-04-05 19:02:00,563 INFO o.a.j.t.JMeterThread: Thread started: 200 Users — Verification (10K) 1-176
2026-04-05 19:02:00,603 INFO o.a.j.t.JMeterThread: Thread is done: 200 Users — Verification (10K) 1-176
2026-04-05 19:02:00,603 INFO o.a.j.t.JMeterThread: Thread finished: 200 Users — Verification (10K) 1-176
2026-04-05 19:02:00,863 INFO o.a.j.t.JMeterThread: Thread started: 200 Users — Verification (10K) 1-177
2026-04-05 19:02:00,899 INFO o.a.j.t.JMeterThread: Thread is done: 200 Users — Verification (10K) 1-177
2026-04-05 19:02:00,899 INFO o.a.j.t.JMeterThread: Thread finished: 200 Users — Verification (10K) 1-177
2026-04-05 19:02:01,162 INFO o.a.j.t.JMeterThread: Thread started: 200 Users — Verification (10K) 1-178
2026-04-05 19:02:01,194 INFO o.a.j.t.JMeterThread: Thread is done: 200 Users — Verification (10K) 1-178
2026-04-05 19:02:01,194 INFO o.a.j.t.JMeterThread: Thread finished: 200 Users — Verification (10K) 1-178
2026-04-05 19:02:01,462 INFO o.a.j.t.JMeterThread: Thread started: 200 Users — Verification (10K) 1-179
2026-04-05 19:02:01,496 INFO o.a.j.t.JMeterThread: Thread is done: 200 Users — Verification (10K) 1-179
2026-04-05 19:02:01,496 INFO o.a.j.t.JMeterThread: Thread finished: 200 Users — Verification (10K) 1-179
2026-04-05 19:02:01,762 INFO o.a.j.t.JMeterThread: Thread started: 200 Users — Verification (10K) 1-180
2026-04-05 19:02:01,802 INFO o.a.j.t.JMeterThread: Thread is done: 200 Users — Verification (10K) 1-180
2026-04-05 19:02:01,802 INFO o.a.j.t.JMeterThread: Thread finished: 200 Users — Verification (10K) 1-180
2026-04-05 19:02:02,061 INFO o.a.j.t.JMeterThread: Thread started: 200 Users — Verification (10K) 1-181
2026-04-05 19:02:02,096 INFO o.a.j.t.JMeterThread: Thread is done: 200 Users — Verification (10K) 1-181
2026-04-05 19:02:02,096 INFO o.a.j.t.JMeterThread: Thread finished: 200 Users — Verification (10K) 1-181
2026-04-05 19:02:02,367 INFO o.a.j.t.JMeterThread: Thread started: 200 Users — Verification (10K) 1-182
2026-04-05 19:02:02,405 INFO o.a.j.t.JMeterThread: Thread is done: 200 Users — Verification (10K) 1-182
2026-04-05 19:02:02,405 INFO o.a.j.t.JMeterThread: Thread finished: 200 Users — Verification (10K) 1-182
2026-04-05 19:02:02,661 INFO o.a.j.t.JMeterThread: Thread started: 200 Users — Verification (10K) 1-183
2026-04-05 19:02:02,703 INFO o.a.j.t.JMeterThread: Thread is done: 200 Users — Verification (10K) 1-183
2026-04-05 19:02:02,703 INFO o.a.j.t.JMeterThread: Thread finished: 200 Users — Verification (10K) 1-183
2026-04-05 19:02:02,962 INFO o.a.j.t.JMeterThread: Thread started: 200 Users — Verification (10K) 1-184
2026-04-05 19:02:03,011 INFO o.a.j.t.JMeterThread: Thread is done: 200 Users — Verification (10K) 1-184
2026-04-05 19:02:03,011 INFO o.a.j.t.JMeterThread: Thread finished: 200 Users — Verification (10K) 1-184
2026-04-05 19:02:03,262 INFO o.a.j.t.JMeterThread: Thread started: 200 Users — Verification (10K) 1-185
2026-04-05 19:02:03,312 INFO o.a.j.t.JMeterThread: Thread is done: 200 Users — Verification (10K) 1-185
2026-04-05 19:02:03,312 INFO o.a.j.t.JMeterThread: Thread finished: 200 Users — Verification (10K) 1-185
2026-04-05 19:02:03,562 INFO o.a.j.t.JMeterThread: Thread started: 200 Users — Verification (10K) 1-186
2026-04-05 19:02:03,583 INFO o.a.j.t.JMeterThread: Thread is done: 200 Users — Verification (10K) 1-186
2026-04-05 19:02:03,583 INFO o.a.j.t.JMeterThread: Thread finished: 200 Users — Verification (10K) 1-186
2026-04-05 19:02:03,862 INFO o.a.j.t.JMeterThread: Thread started: 200 Users — Verification (10K) 1-187
2026-04-05 19:02:03,905 INFO o.a.j.t.JMeterThread: Thread is done: 200 Users — Verification (10K) 1-187
2026-04-05 19:02:03,905 INFO o.a.j.t.JMeterThread: Thread finished: 200 Users — Verification (10K) 1-187
2026-04-05 19:02:04,162 INFO o.a.j.t.JMeterThread: Thread started: 200 Users — Verification (10K) 1-188
2026-04-05 19:02:04,216 INFO o.a.j.t.JMeterThread: Thread is done: 200 Users — Verification (10K) 1-188
2026-04-05 19:02:04,216 INFO o.a.j.t.JMeterThread: Thread finished: 200 Users — Verification (10K) 1-188
2026-04-05 19:02:04,461 INFO o.a.j.t.JMeterThread: Thread started: 200 Users — Verification (10K) 1-189
2026-04-05 19:02:04,512 INFO o.a.j.t.JMeterThread: Thread is done: 200 Users — Verification (10K) 1-189
2026-04-05 19:02:04,512 INFO o.a.j.t.JMeterThread: Thread finished: 200 Users — Verification (10K) 1-189
2026-04-05 19:02:04,762 INFO o.a.j.t.JMeterThread: Thread started: 200 Users — Verification (10K) 1-190
2026-04-05 19:02:04,813 INFO o.a.j.t.JMeterThread: Thread is done: 200 Users — Verification (10K) 1-190
2026-04-05 19:02:04,814 INFO o.a.j.t.JMeterThread: Thread finished: 200 Users — Verification (10K) 1-190
2026-04-05 19:02:05,062 INFO o.a.j.t.JMeterThread: Thread started: 200 Users — Verification (10K) 1-191
2026-04-05 19:02:05,109 INFO o.a.j.t.JMeterThread: Thread is done: 200 Users — Verification (10K) 1-191
2026-04-05 19:02:05,109 INFO o.a.j.t.JMeterThread: Thread finished: 200 Users — Verification (10K) 1-191
2026-04-05 19:02:05,365 INFO o.a.j.t.JMeterThread: Thread started: 200 Users — Verification (10K) 1-192
2026-04-05 19:02:05,412 INFO o.a.j.t.JMeterThread: Thread is done: 200 Users — Verification (10K) 1-192
2026-04-05 19:02:05,412 INFO o.a.j.t.JMeterThread: Thread finished: 200 Users — Verification (10K) 1-192
2026-04-05 19:02:05,665 INFO o.a.j.t.JMeterThread: Thread started: 200 Users — Verification (10K) 1-193
2026-04-05 19:02:05,713 INFO o.a.j.t.JMeterThread: Thread is done: 200 Users — Verification (10K) 1-193
2026-04-05 19:02:05,713 INFO o.a.j.t.JMeterThread: Thread finished: 200 Users — Verification (10K) 1-193
2026-04-05 19:02:05,960 INFO o.a.j.t.JMeterThread: Thread started: 200 Users — Verification (10K) 1-194
2026-04-05 19:02:06,002 INFO o.a.j.t.JMeterThread: Thread is done: 200 Users — Verification (10K) 1-194
2026-04-05 19:02:06,002 INFO o.a.j.t.JMeterThread: Thread finished: 200 Users — Verification (10K) 1-194
2026-04-05 19:02:06,261 INFO o.a.j.t.JMeterThread: Thread started: 200 Users — Verification (10K) 1-195
2026-04-05 19:02:06,296 INFO o.a.j.t.JMeterThread: Thread is done: 200 Users — Verification (10K) 1-195
2026-04-05 19:02:06,296 INFO o.a.j.t.JMeterThread: Thread finished: 200 Users — Verification (10K) 1-195
2026-04-05 19:02:06,560 INFO o.a.j.t.JMeterThread: Thread started: 200 Users — Verification (10K) 1-196
2026-04-05 19:02:06,602 INFO o.a.j.t.JMeterThread: Thread is done: 200 Users — Verification (10K) 1-196
2026-04-05 19:02:06,603 INFO o.a.j.t.JMeterThread: Thread finished: 200 Users — Verification (10K) 1-196
2026-04-05 19:02:06,861 INFO o.a.j.t.JMeterThread: Thread started: 200 Users — Verification (10K) 1-197
2026-04-05 19:02:06,939 INFO o.a.j.t.JMeterThread: Thread is done: 200 Users — Verification (10K) 1-197
2026-04-05 19:02:06,940 INFO o.a.j.t.JMeterThread: Thread finished: 200 Users — Verification (10K) 1-197
2026-04-05 19:02:07,159 INFO o.a.j.t.JMeterThread: Thread started: 200 Users — Verification (10K) 1-198
2026-04-05 19:02:07,238 INFO o.a.j.t.JMeterThread: Thread is done: 200 Users — Verification (10K) 1-198
2026-04-05 19:02:07,238 INFO o.a.j.t.JMeterThread: Thread finished: 200 Users — Verification (10K) 1-198
2026-04-05 19:02:07,459 INFO o.a.j.t.JMeterThread: Thread started: 200 Users — Verification (10K) 1-199
2026-04-05 19:02:07,496 INFO o.a.j.t.JMeterThread: Thread is done: 200 Users — Verification (10K) 1-199
2026-04-05 19:02:07,496 INFO o.a.j.t.JMeterThread: Thread finished: 200 Users — Verification (10K) 1-199
2026-04-05 19:02:07,762 INFO o.a.j.t.JMeterThread: Thread started: 200 Users — Verification (10K) 1-200
2026-04-05 19:02:07,777 INFO o.a.j.t.JMeterThread: Thread is done: 200 Users — Verification (10K) 1-200
2026-04-05 19:02:07,777 INFO o.a.j.t.JMeterThread: Thread finished: 200 Users — Verification (10K) 1-200
2026-04-05 19:02:07,778 INFO o.a.j.e.StandardJMeterEngine: Notifying test listeners of end of test
2026-04-05 19:02:07,778 INFO o.a.j.s.FileServer: Close: movie_ids.csv
2026-04-05 19:02:07,778 INFO o.a.j.r.Summariser: summary +   1306 in 00:00:08 =  167.9/s Avg:     0 Min:     0 Max:     7 Err:     0 (0.00%) Active: 0 Started: 200 Finished: 200
2026-04-05 19:02:07,779 INFO o.a.j.r.Summariser: summary =  10000 in 00:01:00 =  167.2/s Avg:     5 Min:     0 Max:   632 Err:     0 (0.00%)
2026-04-05 19:02:07,779 INFO o.a.j.JMeter: Generating Dashboard
2026-04-05 19:02:07,779 INFO o.a.j.r.d.ReportGenerator: Flushing result collector before report Generation
2026-04-05 19:02:07,789 INFO o.a.j.r.p.NormalizerSampleConsumer: Using format, 'ms', to parse timeStamp field
2026-04-05 19:02:08,091 INFO o.a.j.r.p.AbstractSampleConsumer: class org.apache.jmeter.report.processor.AggregateConsumer#stopProducing(): beginDate produced 0 samples
2026-04-05 19:02:08,091 INFO o.a.j.r.p.AbstractSampleConsumer: class org.apache.jmeter.report.processor.AggregateConsumer#stopProducing(): endDate produced 0 samples
2026-04-05 19:02:08,098 INFO o.a.j.r.p.AbstractSampleConsumer: class org.apache.jmeter.report.processor.ApdexSummaryConsumer#stopProducing(): apdexSummary produced 0 samples
2026-04-05 19:02:08,098 INFO o.a.j.r.p.AbstractSampleConsumer: class org.apache.jmeter.report.processor.RequestsSummaryConsumer#stopProducing(): requestsSummary produced 0 samples
2026-04-05 19:02:08,106 INFO o.a.j.r.p.AbstractSampleConsumer: class org.apache.jmeter.report.processor.StatisticsSummaryConsumer#stopProducing(): statisticsSummary produced 0 samples
2026-04-05 19:02:08,108 INFO o.a.j.r.p.AbstractSampleConsumer: class org.apache.jmeter.report.processor.Top5ErrorsBySamplerConsumer#stopProducing(): top5ErrorsBySampler produced 0 samples
2026-04-05 19:02:08,108 INFO o.a.j.r.p.AbstractSampleConsumer: class org.apache.jmeter.report.processor.ErrorsSummaryConsumer#stopProducing(): errorsSummary produced 0 samples
2026-04-05 19:02:08,108 INFO o.a.j.r.p.AbstractSampleConsumer: class org.apache.jmeter.report.processor.graph.impl.HitsPerSecondGraphConsumer#stopProducing(): hitsPerSecond produced 0 samples
2026-04-05 19:02:08,196 INFO o.a.j.r.p.AbstractSampleConsumer: class org.apache.jmeter.report.processor.graph.impl.LatencyVSRequestGraphConsumer#stopProducing(): latencyVsRequest produced 0 samples
2026-04-05 19:02:08,196 INFO o.a.j.r.p.AbstractSampleConsumer: class org.apache.jmeter.report.processor.graph.impl.SyntheticResponseTimeDistributionGraphConsumer#stopProducing(): syntheticResponseTimeDistribution produced 0 samples
2026-04-05 19:02:08,196 INFO o.a.j.r.p.AbstractSampleConsumer: class org.apache.jmeter.report.processor.graph.impl.BytesThroughputGraphConsumer#stopProducing(): bytesThroughputOverTime produced 0 samples
2026-04-05 19:02:08,196 INFO o.a.j.r.p.AbstractSampleConsumer: class org.apache.jmeter.report.processor.graph.impl.CodesPerSecondGraphConsumer#stopProducing(): codesPerSecond produced 0 samples
2026-04-05 19:02:08,261 INFO o.a.j.r.p.AbstractSampleConsumer: class org.apache.jmeter.report.processor.graph.impl.ResponseTimeVSRequestGraphConsumer#stopProducing(): responseTimeVsRequest produced 0 samples
2026-04-05 19:02:08,262 INFO o.a.j.r.p.AbstractSampleConsumer: class org.apache.jmeter.report.processor.FilterConsumer#stopProducing(): startIntervalControlerFilter produced 70000 samples
2026-04-05 19:02:08,262 INFO o.a.j.r.p.AbstractSampleConsumer: class org.apache.jmeter.report.processor.graph.impl.TotalTPSGraphConsumer#stopProducing(): totalTPS produced 0 samples
2026-04-05 19:02:08,262 INFO o.a.j.r.p.AbstractSampleConsumer: class org.apache.jmeter.report.processor.graph.impl.ActiveThreadsGraphConsumer#stopProducing(): activeThreadsOverTime produced 0 samples
2026-04-05 19:02:08,262 INFO o.a.j.r.p.AbstractSampleConsumer: class org.apache.jmeter.report.processor.graph.impl.TimeVSThreadGraphConsumer#stopProducing(): timeVsThreads produced 0 samples
2026-04-05 19:02:08,263 INFO o.a.j.r.p.AbstractSampleConsumer: class org.apache.jmeter.report.processor.graph.impl.ResponseTimeDistributionGraphConsumer#stopProducing(): responseTimeDistribution produced 0 samples
2026-04-05 19:02:08,264 INFO o.a.j.r.p.AbstractSampleConsumer: class org.apache.jmeter.report.processor.graph.impl.TransactionsPerSecondGraphConsumer#stopProducing(): transactionsPerSecond produced 0 samples
2026-04-05 19:02:08,264 INFO o.a.j.r.p.AbstractSampleConsumer: class org.apache.jmeter.report.processor.graph.impl.ResponseTimePercentilesGraphConsumer#stopProducing(): responseTimePercentiles produced 0 samples
2026-04-05 19:02:08,270 INFO o.a.j.r.p.AbstractSampleConsumer: class org.apache.jmeter.report.processor.graph.impl.ResponseTimePercentilesOverTimeGraphConsumer#stopProducing(): responseTimePercentilesOverTime produced 0 samples
2026-04-05 19:02:08,271 INFO o.a.j.r.p.AbstractSampleConsumer: class org.apache.jmeter.report.processor.graph.impl.ResponseTimeOverTimeGraphConsumer#stopProducing(): responseTimesOverTime produced 0 samples
2026-04-05 19:02:08,272 INFO o.a.j.r.p.AbstractSampleConsumer: class org.apache.jmeter.report.processor.graph.impl.ConnectTimeOverTimeGraphConsumer#stopProducing(): connectTimeOverTime produced 0 samples
2026-04-05 19:02:08,272 INFO o.a.j.r.p.AbstractSampleConsumer: class org.apache.jmeter.report.processor.graph.impl.LatencyOverTimeGraphConsumer#stopProducing(): latenciesOverTime produced 0 samples
2026-04-05 19:02:08,272 INFO o.a.j.r.p.AbstractSampleConsumer: class org.apache.jmeter.report.processor.FilterConsumer#stopProducing(): nameFilter produced 150000 samples
2026-04-05 19:02:08,272 INFO o.a.j.r.p.AbstractSampleConsumer: class org.apache.jmeter.report.processor.FilterConsumer#stopProducing(): dateRangeFilter produced 30000 samples
2026-04-05 19:02:08,272 INFO o.a.j.r.p.AbstractSampleConsumer: class org.apache.jmeter.report.processor.NormalizerSampleConsumer#stopProducing(): normalizer produced 10000 samples
2026-04-05 19:02:08,272 INFO o.a.j.r.p.CsvFileSampleSource: produce(): 10000 samples produced in 468ms on channel 0
2026-04-05 19:02:08,272 INFO o.a.j.r.d.ReportGenerator: Exporting data using exporter:'json' of className:'org.apache.jmeter.report.dashboard.JsonExporter'
2026-04-05 19:02:08,315 INFO o.a.j.r.d.JsonExporter: Found data for consumer statisticsSummary in context
2026-04-05 19:02:08,315 INFO o.a.j.r.d.JsonExporter: Creating statistics for overall
2026-04-05 19:02:08,315 INFO o.a.j.r.d.JsonExporter: Creating statistics for other transactions
2026-04-05 19:02:08,316 INFO o.a.j.r.d.JsonExporter: Checking output folder
2026-04-05 19:02:08,316 INFO o.a.j.r.d.JsonExporter: Writing statistics JSON to /home/abdelrahman/Dev/Projects/spring-boot-microservices/jmeter/results/verification_report/statistics.json
2026-04-05 19:02:08,340 INFO o.a.j.r.d.ReportGenerator: Exporting data using exporter:'html' of className:'org.apache.jmeter.report.dashboard.HtmlTemplateExporter'
2026-04-05 19:02:08,341 INFO o.a.j.r.d.HtmlTemplateExporter: Will generate dashboard in folder: /home/abdelrahman/Dev/Projects/spring-boot-microservices/jmeter/results/verification_report
2026-04-05 19:02:08,509 INFO o.a.j.r.d.HtmlTemplateExporter: Report will be generated in: /home/abdelrahman/Dev/Projects/spring-boot-microservices/jmeter/results/verification_report, creating folder structure
2026-04-05 19:02:08,510 INFO o.a.j.r.d.TemplateVisitor: Copying folder from '/home/abdelrahman/apache-jmeter-5.6.3/bin/report-template' to '/home/abdelrahman/Dev/Projects/spring-boot-microservices/jmeter/results/verification_report', got message: /home/abdelrahman/Dev/Projects/spring-boot-microservices/jmeter/results/verification_report, found non empty folder with following content [/home/abdelrahman/Dev/Projects/spring-boot-microservices/jmeter/results/verification_report/statistics.json], will be ignored
2026-04-05 19:02:08,610 INFO o.a.j.JMeter: Dashboard generated
